Calibrating left wheel
Setting wheel cmd 4 speed_pwm 255
Stopping the wheel
PWM speed -255: 125.009203 cm/s (33.335788 rad/s)
Setting wheel cmd 4 speed_pwm 254
Stopping the wheel
PWM speed -254: 123.700213 cm/s (32.986722 rad/s)
Setting wheel cmd 4 speed_pwm 253
Stopping the wheel
PWM speed -253: 123.700213 cm/s (32.986722 rad/s)
Setting wheel cmd 4 speed_pwm 252
Stopping the wheel
PWM speed -252: 123.700213 cm/s (32.986722 rad/s)
Setting wheel cmd 4 speed_pwm 251
Stopping the wheel
PWM speed -251: 125.009203 cm/s (33.335788 rad/s)
Setting wheel cmd 4 speed_pwm 250
Stopping the wheel
PWM speed -250: 122.391200 cm/s (32.637653 rad/s)
Setting wheel cmd 4 speed_pwm 249
Stopping the wheel
PWM speed -249: 125.009203 cm/s (33.335788 rad/s)
Setting wheel cmd 4 speed_pwm 248
Stopping the wheel
PWM speed -248: 126.318204 cm/s (33.684857 rad/s)
Setting wheel cmd 4 speed_pwm 247
Stopping the wheel
PWM speed -247: 123.700213 cm/s (32.986722 rad/s)
Setting wheel cmd 4 speed_pwm 246
Stopping the wheel
PWM speed -246: 125.009203 cm/s (33.335788 rad/s)
Setting wheel cmd 4 speed_pwm 245
Stopping the wheel
PWM speed -245: 125.009203 cm/s (33.335788 rad/s)
Setting wheel cmd 4 speed_pwm 244
Stopping the wheel
PWM speed -244: 125.009203 cm/s (33.335788 rad/s)
Setting wheel cmd 4 speed_pwm 243
Stopping the wheel
PWM speed -243: 123.700213 cm/s (32.986722 rad/s)
Setting wheel cmd 4 speed_pwm 242
Stopping the wheel
PWM speed -242: 124.436522 cm/s (33.183072 rad/s)
Setting wheel cmd 4 speed_pwm 241
Stopping the wheel
PWM speed -241: 119.773221 cm/s (31.939526 rad/s)
Setting wheel cmd 4 speed_pwm 240
Stopping the wheel
PWM speed -240: 120.018649 cm/s (32.004974 rad/s)
Setting wheel cmd 4 speed_pwm 239
Stopping the wheel
PWM speed -239: 118.464220 cm/s (31.590459 rad/s)
Setting wheel cmd 4 speed_pwm 238
Stopping the wheel
PWM speed -238: 113.228238 cm/s (30.194197 rad/s)
Setting wheel cmd 4 speed_pwm 237
Stopping the wheel
PWM speed -237: 107.992244 cm/s (28.797934 rad/s)
Setting wheel cmd 4 speed_pwm 236
Stopping the wheel
PWM speed -236: 109.301245 cm/s (29.147000 rad/s)
Setting wheel cmd 4 speed_pwm 235
Stopping the wheel
PWM speed -235: 109.301245 cm/s (29.147000 rad/s)
Setting wheel cmd 4 speed_pwm 234
Stopping the wheel
PWM speed -234: 112.655532 cm/s (30.041478 rad/s)
Setting wheel cmd 4 speed_pwm 233
Stopping the wheel
PWM speed -233: 113.228238 cm/s (30.194197 rad/s)
Setting wheel cmd 4 speed_pwm 232
Stopping the wheel
PWM speed -232: 109.301245 cm/s (29.147000 rad/s)
Setting wheel cmd 4 speed_pwm 231
Stopping the wheel
PWM speed -231: 115.600789 cm/s (30.826879 rad/s)
Setting wheel cmd 4 speed_pwm 230
Stopping the wheel
PWM speed -230: 107.992244 cm/s (28.797934 rad/s)
Setting wheel cmd 4 speed_pwm 229
Stopping the wheel
PWM speed -229: 112.655532 cm/s (30.041478 rad/s)
Setting wheel cmd 4 speed_pwm 228
Stopping the wheel
PWM speed -228: 110.610247 cm/s (29.496067 rad/s)
Setting wheel cmd 4 speed_pwm 227
Stopping the wheel
PWM speed -227: 107.992244 cm/s (28.797934 rad/s)
Setting wheel cmd 4 speed_pwm 226
Stopping the wheel
PWM speed -226: 106.683242 cm/s (28.448866 rad/s)
Setting wheel cmd 4 speed_pwm 225
Stopping the wheel
PWM speed -225: 107.992244 cm/s (28.797934 rad/s)
Setting wheel cmd 4 speed_pwm 224
Stopping the wheel
PWM speed -224: 108.237684 cm/s (28.863382 rad/s)
Setting wheel cmd 4 speed_pwm 223
Stopping the wheel
PWM speed -223: 100.138271 cm/s (26.703539 rad/s)
Setting wheel cmd 4 speed_pwm 222
Stopping the wheel
PWM speed -222: 106.765056 cm/s (28.470683 rad/s)
Setting wheel cmd 4 speed_pwm 221
Stopping the wheel
PWM speed -221: 104.065263 cm/s (27.750738 rad/s)
Setting wheel cmd 4 speed_pwm 220
Stopping the wheel
PWM speed -220: 109.301245 cm/s (29.147000 rad/s)
Setting wheel cmd 4 speed_pwm 219
Stopping the wheel
PWM speed -219: 107.992244 cm/s (28.797934 rad/s)
Setting wheel cmd 4 speed_pwm 218
Stopping the wheel
PWM speed -218: 104.065263 cm/s (27.750738 rad/s)
Setting wheel cmd 4 speed_pwm 217
Stopping the wheel
PWM speed -217: 104.065263 cm/s (27.750738 rad/s)
Setting wheel cmd 4 speed_pwm 216
Stopping the wheel
PWM speed -216: 100.138271 cm/s (26.703539 rad/s)
Setting wheel cmd 4 speed_pwm 215
Stopping the wheel
PWM speed -215: 101.447260 cm/s (27.052605 rad/s)
Setting wheel cmd 4 speed_pwm 214
Stopping the wheel
PWM speed -214: 101.447260 cm/s (27.052605 rad/s)
Setting wheel cmd 4 speed_pwm 213
Stopping the wheel
PWM speed -213: 103.819811 cm/s (27.685285 rad/s)
Setting wheel cmd 4 speed_pwm 212
Stopping the wheel
PWM speed -212: 97.520275 cm/s (26.005406 rad/s)
Setting wheel cmd 4 speed_pwm 211
Stopping the wheel
PWM speed -211: 100.138271 cm/s (26.703539 rad/s)
Setting wheel cmd 4 speed_pwm 210
Stopping the wheel
PWM speed -210: 96.211281 cm/s (25.656343 rad/s)
Setting wheel cmd 4 speed_pwm 209
Stopping the wheel
PWM speed -209: 104.065263 cm/s (27.750738 rad/s)
Setting wheel cmd 4 speed_pwm 208
Stopping the wheel
PWM speed -208: 105.374253 cm/s (28.099802 rad/s)
Setting wheel cmd 4 speed_pwm 207
Stopping the wheel
PWM speed -207: 100.874567 cm/s (26.899886 rad/s)
Setting wheel cmd 4 speed_pwm 206
Stopping the wheel
PWM speed -206: 98.829269 cm/s (26.354473 rad/s)
Setting wheel cmd 4 speed_pwm 205
Stopping the wheel
PWM speed -205: 94.902277 cm/s (25.307274 rad/s)
Setting wheel cmd 4 speed_pwm 204
Stopping the wheel
PWM speed -204: 97.520275 cm/s (26.005406 rad/s)
Setting wheel cmd 4 speed_pwm 203
Stopping the wheel
PWM speed -203: 90.975294 cm/s (24.260080 rad/s)
Setting wheel cmd 4 speed_pwm 202
Stopping the wheel
PWM speed -202: 93.593283 cm/s (24.958210 rad/s)
Setting wheel cmd 4 speed_pwm 201
Stopping the wheel
PWM speed -201: 92.284288 cm/s (24.609144 rad/s)
Setting wheel cmd 4 speed_pwm 200
Stopping the wheel
PWM speed -200: 92.284288 cm/s (24.609144 rad/s)
Setting wheel cmd 4 speed_pwm 199
Stopping the wheel
PWM speed -199: 89.666290 cm/s (23.911011 rad/s)
Setting wheel cmd 4 speed_pwm 198
Stopping the wheel
PWM speed -198: 92.284288 cm/s (24.609144 rad/s)
Setting wheel cmd 4 speed_pwm 197
Stopping the wheel
PWM speed -197: 89.666290 cm/s (23.911011 rad/s)
Setting wheel cmd 4 speed_pwm 196
Stopping the wheel
PWM speed -196: 87.048302 cm/s (23.212881 rad/s)
Setting wheel cmd 4 speed_pwm 195
Stopping the wheel
PWM speed -195: 87.048302 cm/s (23.212881 rad/s)
Setting wheel cmd 4 speed_pwm 194
Stopping the wheel
PWM speed -194: 90.566225 cm/s (24.150994 rad/s)
Setting wheel cmd 4 speed_pwm 193
Stopping the wheel
PWM speed -193: 92.038851 cm/s (24.543693 rad/s)
Setting wheel cmd 4 speed_pwm 192
Stopping the wheel
PWM speed -192: 90.566225 cm/s (24.150994 rad/s)
Setting wheel cmd 4 speed_pwm 191
Stopping the wheel
PWM speed -191: 87.048302 cm/s (23.212881 rad/s)
Setting wheel cmd 4 speed_pwm 190
Stopping the wheel
PWM speed -190: 87.048302 cm/s (23.212881 rad/s)
Setting wheel cmd 4 speed_pwm 189
Stopping the wheel
PWM speed -189: 88.357296 cm/s (23.561945 rad/s)
Setting wheel cmd 4 speed_pwm 188
Stopping the wheel
PWM speed -188: 92.038851 cm/s (24.543693 rad/s)
Setting wheel cmd 4 speed_pwm 187
Stopping the wheel
PWM speed -187: 90.975294 cm/s (24.260080 rad/s)
Setting wheel cmd 4 speed_pwm 186
Stopping the wheel
PWM speed -186: 87.048302 cm/s (23.212881 rad/s)
Setting wheel cmd 4 speed_pwm 185
Stopping the wheel
PWM speed -185: 87.620983 cm/s (23.365595 rad/s)
Setting wheel cmd 4 speed_pwm 184
Stopping the wheel
PWM speed -184: 89.093609 cm/s (23.758295 rad/s)
Setting wheel cmd 4 speed_pwm 183
Stopping the wheel
PWM speed -183: 87.620983 cm/s (23.365595 rad/s)
Setting wheel cmd 4 speed_pwm 182
Stopping the wheel
PWM speed -182: 86.148357 cm/s (22.972896 rad/s)
Setting wheel cmd 4 speed_pwm 181
Stopping the wheel
PWM speed -181: 87.620983 cm/s (23.365595 rad/s)
Setting wheel cmd 4 speed_pwm 180
Stopping the wheel
PWM speed -180: 87.620983 cm/s (23.365595 rad/s)
Setting wheel cmd 4 speed_pwm 179
Stopping the wheel
PWM speed -179: 84.675741 cm/s (22.580199 rad/s)
Setting wheel cmd 4 speed_pwm 178
Stopping the wheel
PWM speed -178: 83.203115 cm/s (22.187498 rad/s)
Setting wheel cmd 4 speed_pwm 177
Stopping the wheel
PWM speed -177: 86.148357 cm/s (22.972896 rad/s)
Setting wheel cmd 4 speed_pwm 176
Stopping the wheel
PWM speed -176: 80.503311 cm/s (21.467550 rad/s)
Setting wheel cmd 4 speed_pwm 175
Stopping the wheel
PWM speed -175: 80.503311 cm/s (21.467550 rad/s)
Setting wheel cmd 4 speed_pwm 174
Stopping the wheel
PWM speed -174: 77.885323 cm/s (20.769420 rad/s)
Setting wheel cmd 4 speed_pwm 173
Stopping the wheel
PWM speed -173: 79.194322 cm/s (21.118486 rad/s)
Setting wheel cmd 4 speed_pwm 172
Stopping the wheel
PWM speed -172: 83.203115 cm/s (22.187498 rad/s)
Setting wheel cmd 4 speed_pwm 171
Stopping the wheel
PWM speed -171: 79.194322 cm/s (21.118486 rad/s)
Setting wheel cmd 4 speed_pwm 170
Stopping the wheel
PWM speed -170: 77.885323 cm/s (20.769420 rad/s)
Setting wheel cmd 4 speed_pwm 169
Stopping the wheel
PWM speed -169: 81.730499 cm/s (21.794801 rad/s)
Setting wheel cmd 4 speed_pwm 168
Stopping the wheel
PWM speed -168: 75.267329 cm/s (20.071287 rad/s)
Setting wheel cmd 4 speed_pwm 167
Stopping the wheel
PWM speed -167: 79.194322 cm/s (21.118486 rad/s)
Setting wheel cmd 4 speed_pwm 166
Stopping the wheel
PWM speed -166: 77.312632 cm/s (20.616701 rad/s)
Setting wheel cmd 4 speed_pwm 165
Stopping the wheel
PWM speed -165: 80.257874 cm/s (21.402099 rad/s)
Setting wheel cmd 4 speed_pwm 164
Stopping the wheel
PWM speed -164: 78.785257 cm/s (21.009402 rad/s)
Setting wheel cmd 4 speed_pwm 163
Stopping the wheel
PWM speed -163: 77.312632 cm/s (20.616701 rad/s)
Setting wheel cmd 4 speed_pwm 162
Stopping the wheel
PWM speed -162: 75.840011 cm/s (20.224004 rad/s)
Setting wheel cmd 4 speed_pwm 161
Stopping the wheel
PWM speed -161: 73.958330 cm/s (19.722222 rad/s)
Setting wheel cmd 4 speed_pwm 160
Stopping the wheel
PWM speed -160: 72.649341 cm/s (19.373158 rad/s)
Setting wheel cmd 4 speed_pwm 159
Stopping the wheel
PWM speed -159: 74.367385 cm/s (19.831304 rad/s)
Setting wheel cmd 4 speed_pwm 158
Stopping the wheel
PWM speed -158: 70.031343 cm/s (18.675024 rad/s)
Setting wheel cmd 4 speed_pwm 157
Stopping the wheel
PWM speed -157: 67.413344 cm/s (17.976893 rad/s)
Setting wheel cmd 4 speed_pwm 156
Stopping the wheel
PWM speed -156: 70.031343 cm/s (18.675024 rad/s)
Setting wheel cmd 4 speed_pwm 155
Stopping the wheel
PWM speed -155: 68.722343 cm/s (18.325958 rad/s)
Setting wheel cmd 4 speed_pwm 154
Stopping the wheel
PWM speed -154: 68.722343 cm/s (18.325958 rad/s)
Setting wheel cmd 4 speed_pwm 153
Stopping the wheel
PWM speed -153: 66.104350 cm/s (17.627827 rad/s)
Setting wheel cmd 4 speed_pwm 152
Stopping the wheel
PWM speed -152: 68.722343 cm/s (18.325958 rad/s)
Setting wheel cmd 4 speed_pwm 151
Stopping the wheel
PWM speed -151: 67.413344 cm/s (17.976893 rad/s)
Setting wheel cmd 4 speed_pwm 150
Stopping the wheel
PWM speed -150: 68.476906 cm/s (18.260508 rad/s)
Setting wheel cmd 4 speed_pwm 149
Stopping the wheel
PWM speed -149: 68.722343 cm/s (18.325958 rad/s)
Setting wheel cmd 4 speed_pwm 148
Stopping the wheel
PWM speed -148: 67.004280 cm/s (17.867807 rad/s)
Setting wheel cmd 4 speed_pwm 147
Stopping the wheel
PWM speed -147: 68.476906 cm/s (18.260508 rad/s)
Setting wheel cmd 4 speed_pwm 146
Stopping the wheel
PWM speed -146: 68.476906 cm/s (18.260508 rad/s)
Setting wheel cmd 4 speed_pwm 145
Stopping the wheel
PWM speed -145: 65.531664 cm/s (17.475109 rad/s)
Setting wheel cmd 4 speed_pwm 144
Stopping the wheel
PWM speed -144: 68.476906 cm/s (18.260508 rad/s)
Setting wheel cmd 4 speed_pwm 143
Stopping the wheel
PWM speed -143: 68.476906 cm/s (18.260508 rad/s)
Setting wheel cmd 4 speed_pwm 142
Stopping the wheel
PWM speed -142: 68.476906 cm/s (18.260508 rad/s)
Setting wheel cmd 4 speed_pwm 141
Stopping the wheel
PWM speed -141: 65.531664 cm/s (17.475109 rad/s)
Setting wheel cmd 4 speed_pwm 140
Stopping the wheel
PWM speed -140: 67.004280 cm/s (17.867807 rad/s)
Setting wheel cmd 4 speed_pwm 139
Stopping the wheel
PWM speed -139: 64.059038 cm/s (17.082409 rad/s)
Setting wheel cmd 4 speed_pwm 138
Stopping the wheel
PWM speed -138: 67.004280 cm/s (17.867807 rad/s)
Setting wheel cmd 4 speed_pwm 137
Stopping the wheel
PWM speed -137: 65.531664 cm/s (17.475109 rad/s)
Setting wheel cmd 4 speed_pwm 136
Stopping the wheel
PWM speed -136: 67.004280 cm/s (17.867807 rad/s)
Setting wheel cmd 4 speed_pwm 135
Stopping the wheel
PWM speed -135: 64.059038 cm/s (17.082409 rad/s)
Setting wheel cmd 4 speed_pwm 134
Stopping the wheel
PWM speed -134: 65.531664 cm/s (17.475109 rad/s)
Setting wheel cmd 4 speed_pwm 133
Stopping the wheel
PWM speed -133: 64.059038 cm/s (17.082409 rad/s)
Setting wheel cmd 4 speed_pwm 132
Stopping the wheel
PWM speed -132: 64.059038 cm/s (17.082409 rad/s)
Setting wheel cmd 4 speed_pwm 131
Stopping the wheel
PWM speed -131: 64.795351 cm/s (17.278759 rad/s)
Setting wheel cmd 4 speed_pwm 130
Stopping the wheel
PWM speed -130: 62.586417 cm/s (16.689711 rad/s)
Setting wheel cmd 4 speed_pwm 129
Stopping the wheel
PWM speed -129: 62.586417 cm/s (16.689711 rad/s)
Setting wheel cmd 4 speed_pwm 128
Stopping the wheel
PWM speed -128: 58.168554 cm/s (15.511614 rad/s)
Setting wheel cmd 4 speed_pwm 127
Stopping the wheel
PWM speed -127: 62.586417 cm/s (16.689711 rad/s)
Setting wheel cmd 4 speed_pwm 126
Stopping the wheel
PWM speed -126: 58.168554 cm/s (15.511614 rad/s)
Setting wheel cmd 4 speed_pwm 125
Stopping the wheel
PWM speed -125: 56.695929 cm/s (15.118914 rad/s)
Setting wheel cmd 4 speed_pwm 124
Stopping the wheel
PWM speed -124: 58.168554 cm/s (15.511614 rad/s)
Setting wheel cmd 4 speed_pwm 123
Stopping the wheel
PWM speed -123: 56.695929 cm/s (15.118914 rad/s)
Setting wheel cmd 4 speed_pwm 122
Stopping the wheel
PWM speed -122: 58.168554 cm/s (15.511614 rad/s)
Setting wheel cmd 4 speed_pwm 121
Stopping the wheel
PWM speed -121: 58.168554 cm/s (15.511614 rad/s)
Setting wheel cmd 4 speed_pwm 120
Stopping the wheel
PWM speed -120: 56.695929 cm/s (15.118914 rad/s)
Setting wheel cmd 4 speed_pwm 119
Stopping the wheel
PWM speed -119: 55.223308 cm/s (14.726215 rad/s)
Setting wheel cmd 4 speed_pwm 118
Stopping the wheel
PWM speed -118: 56.695929 cm/s (15.118914 rad/s)
Setting wheel cmd 4 speed_pwm 117
Stopping the wheel
PWM speed -117: 53.750687 cm/s (14.333516 rad/s)
Setting wheel cmd 4 speed_pwm 116
Stopping the wheel
PWM speed -116: 52.278066 cm/s (13.940817 rad/s)
Setting wheel cmd 4 speed_pwm 115
Stopping the wheel
PWM speed -115: 50.805445 cm/s (13.548118 rad/s)
Setting wheel cmd 4 speed_pwm 114
Stopping the wheel
PWM speed -114: 50.805445 cm/s (13.548118 rad/s)
Setting wheel cmd 4 speed_pwm 113
Stopping the wheel
PWM speed -113: 49.087386 cm/s (13.089970 rad/s)
Setting wheel cmd 4 speed_pwm 112
Stopping the wheel
PWM speed -112: 49.087386 cm/s (13.089970 rad/s)
Setting wheel cmd 4 speed_pwm 111
Stopping the wheel
PWM speed -111: 46.469398 cm/s (12.391839 rad/s)
Setting wheel cmd 4 speed_pwm 110
Stopping the wheel
PWM speed -110: 47.860198 cm/s (12.762721 rad/s)
Setting wheel cmd 4 speed_pwm 109
Stopping the wheel
PWM speed -109: 47.860198 cm/s (12.762721 rad/s)
Setting wheel cmd 4 speed_pwm 108
Stopping the wheel
PWM speed -108: 46.469398 cm/s (12.391839 rad/s)
Setting wheel cmd 4 speed_pwm 107
Stopping the wheel
PWM speed -107: 46.387582 cm/s (12.370023 rad/s)
Setting wheel cmd 4 speed_pwm 106
Stopping the wheel
PWM speed -106: 46.387582 cm/s (12.370023 rad/s)
Setting wheel cmd 4 speed_pwm 105
Stopping the wheel
PWM speed -105: 47.860198 cm/s (12.762721 rad/s)
Setting wheel cmd 4 speed_pwm 104
Stopping the wheel
PWM speed -104: 46.387582 cm/s (12.370023 rad/s)
Setting wheel cmd 4 speed_pwm 103
Stopping the wheel
PWM speed -103: 46.387582 cm/s (12.370023 rad/s)
Setting wheel cmd 4 speed_pwm 102
Stopping the wheel
PWM speed -102: 46.387582 cm/s (12.370023 rad/s)
Setting wheel cmd 4 speed_pwm 101
Stopping the wheel
PWM speed -101: 46.387582 cm/s (12.370023 rad/s)
Setting wheel cmd 4 speed_pwm 100
Stopping the wheel
PWM speed -100: 47.965388 cm/s (12.790771 rad/s)
Setting wheel cmd 4 speed_pwm 99
Stopping the wheel
PWM speed -99: 44.599395 cm/s (11.893172 rad/s)
Setting wheel cmd 4 speed_pwm 98
Stopping the wheel
PWM speed -98: 47.965388 cm/s (12.790771 rad/s)
Setting wheel cmd 4 speed_pwm 97
Stopping the wheel
PWM speed -97: 44.914961 cm/s (11.977323 rad/s)
Setting wheel cmd 4 speed_pwm 96
Stopping the wheel
PWM speed -96: 44.599395 cm/s (11.893172 rad/s)
Setting wheel cmd 4 speed_pwm 95
Stopping the wheel
PWM speed -95: 44.599395 cm/s (11.893172 rad/s)
Setting wheel cmd 4 speed_pwm 94
Stopping the wheel
PWM speed -94: 48.105636 cm/s (12.828170 rad/s)
Setting wheel cmd 4 speed_pwm 93
Stopping the wheel
PWM speed -93: 48.105636 cm/s (12.828170 rad/s)
Setting wheel cmd 4 speed_pwm 92
Stopping the wheel
PWM speed -92: 41.969714 cm/s (11.191925 rad/s)
Setting wheel cmd 4 speed_pwm 91
Stopping the wheel
PWM speed -91: 42.916403 cm/s (11.444373 rad/s)
Setting wheel cmd 4 speed_pwm 90
Stopping the wheel
PWM speed -90: 42.916403 cm/s (11.444373 rad/s)
Setting wheel cmd 4 speed_pwm 89
Stopping the wheel
PWM speed -89: 42.916403 cm/s (11.444373 rad/s)
Setting wheel cmd 4 speed_pwm 88
Stopping the wheel
PWM speed -88: 37.867410 cm/s (10.097976 rad/s)
Setting wheel cmd 4 speed_pwm 87
Stopping the wheel
PWM speed -87: 37.551849 cm/s (10.013827 rad/s)
Setting wheel cmd 4 speed_pwm 86
Stopping the wheel
PWM speed -86: 44.178643 cm/s (11.780971 rad/s)
Setting wheel cmd 4 speed_pwm 85
Stopping the wheel
PWM speed -85: 37.867410 cm/s (10.097976 rad/s)
Setting wheel cmd 4 speed_pwm 84
Stopping the wheel
PWM speed -84: 33.133984 cm/s (8.835729 rad/s)
Setting wheel cmd 4 speed_pwm 83
Stopping the wheel
PWM speed -83: 37.867410 cm/s (10.097976 rad/s)
Setting wheel cmd 4 speed_pwm 82
Stopping the wheel
PWM speed -82: 36.324666 cm/s (9.686578 rad/s)
Setting wheel cmd 4 speed_pwm 81
Stopping the wheel
PWM speed -81: 36.184413 cm/s (9.649177 rad/s)
Setting wheel cmd 4 speed_pwm 80
Stopping the wheel
PWM speed -80: 32.818425 cm/s (8.751580 rad/s)
Setting wheel cmd 4 speed_pwm 79
Stopping the wheel
PWM speed -79: 34.501419 cm/s (9.200378 rad/s)
Setting wheel cmd 4 speed_pwm 78
Stopping the wheel
PWM speed -78: 34.501419 cm/s (9.200378 rad/s)
Setting wheel cmd 4 speed_pwm 77
Stopping the wheel
PWM speed -77: 32.818425 cm/s (8.751580 rad/s)
Setting wheel cmd 4 speed_pwm 76
Stopping the wheel
PWM speed -76: 34.501419 cm/s (9.200378 rad/s)
Setting wheel cmd 4 speed_pwm 75
Stopping the wheel
PWM speed -75: 29.452434 cm/s (7.853982 rad/s)
Setting wheel cmd 4 speed_pwm 74
Stopping the wheel
PWM speed -74: 31.661363 cm/s (8.443029 rad/s)
Setting wheel cmd 4 speed_pwm 73
Stopping the wheel
PWM speed -73: 27.769437 cm/s (7.405183 rad/s)
Setting wheel cmd 4 speed_pwm 72
Stopping the wheel
PWM speed -72: 32.818425 cm/s (8.751580 rad/s)
Setting wheel cmd 4 speed_pwm 71
Stopping the wheel
PWM speed -71: 24.298255 cm/s (6.479535 rad/s)
Setting wheel cmd 4 speed_pwm 70
Stopping the wheel
PWM speed -70: 30.434177 cm/s (8.115781 rad/s)
Setting wheel cmd 4 speed_pwm 69
Stopping the wheel
PWM speed -69: 25.770879 cm/s (6.872234 rad/s)
Setting wheel cmd 4 speed_pwm 68
Stopping the wheel
PWM speed -68: 27.769437 cm/s (7.405183 rad/s)
Setting wheel cmd 4 speed_pwm 67
Stopping the wheel
PWM speed -67: 24.298255 cm/s (6.479535 rad/s)
Setting wheel cmd 4 speed_pwm 66
Stopping the wheel
PWM speed -66: 26.086440 cm/s (6.956384 rad/s)
Setting wheel cmd 4 speed_pwm 65
Stopping the wheel
PWM speed -65: 24.298255 cm/s (6.479535 rad/s)
Setting wheel cmd 4 speed_pwm 64
Stopping the wheel
PWM speed -64: 24.543693 cm/s (6.544985 rad/s)
Setting wheel cmd 4 speed_pwm 63
Stopping the wheel
PWM speed -63: 24.403443 cm/s (6.507585 rad/s)
Setting wheel cmd 4 speed_pwm 62
Stopping the wheel
PWM speed -62: 24.543693 cm/s (6.544985 rad/s)
Setting wheel cmd 4 speed_pwm 61
Stopping the wheel
PWM speed -61: 24.543693 cm/s (6.544985 rad/s)
Setting wheel cmd 4 speed_pwm 60
Stopping the wheel
PWM speed -60: 0.000000 cm/s (0.000000 rad/s)
Setting wheel cmd 4 speed_pwm 59
Stopping the wheel
PWM speed -59: 0.000000 cm/s (0.000000 rad/s)
Setting wheel cmd 4 speed_pwm 58
Stopping the wheel
PWM speed -58: 0.000000 cm/s (0.000000 rad/s)
Setting wheel cmd 4 speed_pwm 57
Stopping the wheel
PWM speed -57: 0.000000 cm/s (0.000000 rad/s)
Setting wheel cmd 4 speed_pwm 56
Stopping the wheel
PWM speed -56: 0.000000 cm/s (0.000000 rad/s)
Setting wheel cmd 4 speed_pwm 55
Stopping the wheel
PWM speed -55: 0.000000 cm/s (0.000000 rad/s)
Setting wheel cmd 4 speed_pwm 54
Stopping the wheel
PWM speed -54: 0.000000 cm/s (0.000000 rad/s)
Setting wheel cmd 4 speed_pwm 53
Stopping the wheel
PWM speed -53: 0.000000 cm/s (0.000000 rad/s)
Setting wheel cmd 4 speed_pwm 52
Stopping the wheel
PWM speed -52: 0.000000 cm/s (0.000000 rad/s)
Setting wheel cmd 4 speed_pwm 51
Stopping the wheel
PWM speed -51: 0.000000 cm/s (0.000000 rad/s)
Setting wheel cmd 4 speed_pwm 50
Stopping the wheel
PWM speed -50: 0.000000 cm/s (0.000000 rad/s)
Setting wheel cmd 4 speed_pwm 49
Stopping the wheel
PWM speed -49: 0.000000 cm/s (0.000000 rad/s)
Setting wheel cmd 4 speed_pwm 48
Stopping the wheel
PWM speed -48: 0.000000 cm/s (0.000000 rad/s)
Setting wheel cmd 4 speed_pwm 47
Stopping the wheel
PWM speed -47: 0.000000 cm/s (0.000000 rad/s)
Setting wheel cmd 4 speed_pwm 46
Stopping the wheel
PWM speed -46: 0.000000 cm/s (0.000000 rad/s)
Setting wheel cmd 4 speed_pwm 45
Stopping the wheel
PWM speed -45: 0.000000 cm/s (0.000000 rad/s)
Setting wheel cmd 4 speed_pwm 44
Stopping the wheel
PWM speed -44: 0.000000 cm/s (0.000000 rad/s)
Setting wheel cmd 4 speed_pwm 43
Stopping the wheel
PWM speed -43: 0.000000 cm/s (0.000000 rad/s)
Setting wheel cmd 4 speed_pwm 42
Stopping the wheel
PWM speed -42: 0.000000 cm/s (0.000000 rad/s)
Setting wheel cmd 4 speed_pwm 41
Stopping the wheel
PWM speed -41: 0.000000 cm/s (0.000000 rad/s)
Setting wheel cmd 4 speed_pwm 40
Stopping the wheel
PWM speed -40: 0.000000 cm/s (0.000000 rad/s)
Setting wheel cmd 4 speed_pwm 39
Stopping the wheel
PWM speed -39: 0.000000 cm/s (0.000000 rad/s)
Setting wheel cmd 4 speed_pwm 38
Stopping the wheel
PWM speed -38: 0.000000 cm/s (0.000000 rad/s)
Setting wheel cmd 4 speed_pwm 37
Stopping the wheel
PWM speed -37: 0.000000 cm/s (0.000000 rad/s)
Setting wheel cmd 4 speed_pwm 36
Stopping the wheel
PWM speed -36: 0.000000 cm/s (0.000000 rad/s)
Setting wheel cmd 4 speed_pwm 35
Stopping the wheel
PWM speed -35: 0.000000 cm/s (0.000000 rad/s)
Setting wheel cmd 4 speed_pwm 34
Stopping the wheel
PWM speed -34: 0.000000 cm/s (0.000000 rad/s)
Setting wheel cmd 4 speed_pwm 33
Stopping the wheel
PWM speed -33: 0.000000 cm/s (0.000000 rad/s)
Setting wheel cmd 4 speed_pwm 32
Stopping the wheel
PWM speed -32: 0.000000 cm/s (0.000000 rad/s)
Setting wheel cmd 4 speed_pwm 31
Stopping the wheel
PWM speed -31: 0.000000 cm/s (0.000000 rad/s)
Setting wheel cmd 4 speed_pwm 30
Stopping the wheel
PWM speed -30: 0.000000 cm/s (0.000000 rad/s)
Setting wheel cmd 4 speed_pwm 29
Stopping the wheel
PWM speed -29: 0.000000 cm/s (0.000000 rad/s)
Setting wheel cmd 4 speed_pwm 28
Stopping the wheel
PWM speed -28: 0.000000 cm/s (0.000000 rad/s)
Setting wheel cmd 4 speed_pwm 27
Stopping the wheel
PWM speed -27: 0.000000 cm/s (0.000000 rad/s)
Setting wheel cmd 4 speed_pwm 26
Stopping the wheel
PWM speed -26: 0.000000 cm/s (0.000000 rad/s)
Setting wheel cmd 4 speed_pwm 25
Stopping the wheel
PWM speed -25: 0.000000 cm/s (0.000000 rad/s)
Setting wheel cmd 4 speed_pwm 24
Stopping the wheel
PWM speed -24: 0.000000 cm/s (0.000000 rad/s)
Setting wheel cmd 4 speed_pwm 23
Stopping the wheel
PWM speed -23: 0.000000 cm/s (0.000000 rad/s)
Setting wheel cmd 4 speed_pwm 22
Stopping the wheel
PWM speed -22: 0.000000 cm/s (0.000000 rad/s)
Setting wheel cmd 4 speed_pwm 21
Stopping the wheel
PWM speed -21: 0.000000 cm/s (0.000000 rad/s)
Setting wheel cmd 4 speed_pwm 20
Stopping the wheel
PWM speed -20: 0.000000 cm/s (0.000000 rad/s)
Setting wheel cmd 4 speed_pwm 19
Stopping the wheel
PWM speed -19: 0.000000 cm/s (0.000000 rad/s)
Setting wheel cmd 4 speed_pwm 18
Stopping the wheel
PWM speed -18: 0.000000 cm/s (0.000000 rad/s)
Setting wheel cmd 4 speed_pwm 17
Stopping the wheel
PWM speed -17: 0.000000 cm/s (0.000000 rad/s)
Setting wheel cmd 4 speed_pwm 16
Stopping the wheel
PWM speed -16: 0.000000 cm/s (0.000000 rad/s)
Setting wheel cmd 4 speed_pwm 15
Stopping the wheel
PWM speed -15: 0.000000 cm/s (0.000000 rad/s)
Setting wheel cmd 4 speed_pwm 14
Stopping the wheel
PWM speed -14: 0.000000 cm/s (0.000000 rad/s)
Setting wheel cmd 4 speed_pwm 13
Stopping the wheel
PWM speed -13: 0.000000 cm/s (0.000000 rad/s)
Setting wheel cmd 4 speed_pwm 12
Stopping the wheel
PWM speed -12: 0.000000 cm/s (0.000000 rad/s)
Setting wheel cmd 4 speed_pwm 11
Stopping the wheel
PWM speed -11: 0.000000 cm/s (0.000000 rad/s)
Setting wheel cmd 4 speed_pwm 10
Stopping the wheel
PWM speed -10: 0.000000 cm/s (0.000000 rad/s)
Setting wheel cmd 4 speed_pwm 9
Stopping the wheel
PWM speed -9: 0.000000 cm/s (0.000000 rad/s)
Setting wheel cmd 4 speed_pwm 8
Stopping the wheel
PWM speed -8: 0.000000 cm/s (0.000000 rad/s)
Setting wheel cmd 4 speed_pwm 7
Stopping the wheel
PWM speed -7: 0.000000 cm/s (0.000000 rad/s)
Setting wheel cmd 4 speed_pwm 6
Stopping the wheel
PWM speed -6: 0.000000 cm/s (0.000000 rad/s)
Setting wheel cmd 4 speed_pwm 5
Stopping the wheel
PWM speed -5: 0.000000 cm/s (0.000000 rad/s)
Setting wheel cmd 4 speed_pwm 4
Stopping the wheel
PWM speed -4: 0.000000 cm/s (0.000000 rad/s)
Setting wheel cmd 4 speed_pwm 3
Stopping the wheel
PWM speed -3: 0.000000 cm/s (0.000000 rad/s)
Setting wheel cmd 4 speed_pwm 2
Stopping the wheel
PWM speed -2: 0.000000 cm/s (0.000000 rad/s)
Setting wheel cmd 4 speed_pwm 1
Stopping the wheel
PWM speed -1: 0.000000 cm/s (0.000000 rad/s)
Stopping the wheel
Stopping the wheel
PWM speed 0: 0.000000 cm/s (0.000000 rad/s)
Changing wheel direction, resetting cmd 4 speed_pwm 0
Setting wheel cmd 5 speed_pwm 1
Stopping the wheel
PWM speed 1: 0.000000 cm/s (0.000000 rad/s)
Setting wheel cmd 5 speed_pwm 2
Stopping the wheel
PWM speed 2: 0.000000 cm/s (0.000000 rad/s)
Setting wheel cmd 5 speed_pwm 3
Stopping the wheel
PWM speed 3: 0.000000 cm/s (0.000000 rad/s)
Setting wheel cmd 5 speed_pwm 4
Stopping the wheel
PWM speed 4: 0.000000 cm/s (0.000000 rad/s)
Setting wheel cmd 5 speed_pwm 5
Stopping the wheel
PWM speed 5: 0.000000 cm/s (0.000000 rad/s)
Setting wheel cmd 5 speed_pwm 6
Stopping the wheel
PWM speed 6: 0.000000 cm/s (0.000000 rad/s)
Setting wheel cmd 5 speed_pwm 7
Stopping the wheel
PWM speed 7: 0.000000 cm/s (0.000000 rad/s)
Setting wheel cmd 5 speed_pwm 8
Stopping the wheel
PWM speed 8: 0.000000 cm/s (0.000000 rad/s)
Setting wheel cmd 5 speed_pwm 9
Stopping the wheel
PWM speed 9: 0.000000 cm/s (0.000000 rad/s)
Setting wheel cmd 5 speed_pwm 10
Stopping the wheel
PWM speed 10: 0.000000 cm/s (0.000000 rad/s)
Setting wheel cmd 5 speed_pwm 11
Stopping the wheel
PWM speed 11: 0.000000 cm/s (0.000000 rad/s)
Setting wheel cmd 5 speed_pwm 12
Stopping the wheel
PWM speed 12: 0.000000 cm/s (0.000000 rad/s)
Setting wheel cmd 5 speed_pwm 13
Stopping the wheel
PWM speed 13: 0.000000 cm/s (0.000000 rad/s)
Setting wheel cmd 5 speed_pwm 14
Stopping the wheel
PWM speed 14: 0.000000 cm/s (0.000000 rad/s)
Setting wheel cmd 5 speed_pwm 15
Stopping the wheel
PWM speed 15: 0.000000 cm/s (0.000000 rad/s)
Setting wheel cmd 5 speed_pwm 16
Stopping the wheel
PWM speed 16: 0.000000 cm/s (0.000000 rad/s)
Setting wheel cmd 5 speed_pwm 17
Stopping the wheel
PWM speed 17: 0.000000 cm/s (0.000000 rad/s)
Setting wheel cmd 5 speed_pwm 18
Stopping the wheel
PWM speed 18: 0.000000 cm/s (0.000000 rad/s)
Setting wheel cmd 5 speed_pwm 19
Stopping the wheel
PWM speed 19: 0.000000 cm/s (0.000000 rad/s)
Setting wheel cmd 5 speed_pwm 20
Stopping the wheel
PWM speed 20: 0.000000 cm/s (0.000000 rad/s)
Setting wheel cmd 5 speed_pwm 21
Stopping the wheel
PWM speed 21: 0.000000 cm/s (0.000000 rad/s)
Setting wheel cmd 5 speed_pwm 22
Stopping the wheel
PWM speed 22: 0.000000 cm/s (0.000000 rad/s)
Setting wheel cmd 5 speed_pwm 23
Stopping the wheel
PWM speed 23: 0.000000 cm/s (0.000000 rad/s)
Setting wheel cmd 5 speed_pwm 24
Stopping the wheel
PWM speed 24: 0.000000 cm/s (0.000000 rad/s)
Setting wheel cmd 5 speed_pwm 25
Stopping the wheel
PWM speed 25: 0.000000 cm/s (0.000000 rad/s)
Setting wheel cmd 5 speed_pwm 26
Stopping the wheel
PWM speed 26: 0.000000 cm/s (0.000000 rad/s)
Setting wheel cmd 5 speed_pwm 27
Stopping the wheel
PWM speed 27: 0.000000 cm/s (0.000000 rad/s)
Setting wheel cmd 5 speed_pwm 28
Stopping the wheel
PWM speed 28: 0.000000 cm/s (0.000000 rad/s)
Setting wheel cmd 5 speed_pwm 29
Stopping the wheel
PWM speed 29: 0.000000 cm/s (0.000000 rad/s)
Setting wheel cmd 5 speed_pwm 30
Stopping the wheel
PWM speed 30: 0.000000 cm/s (0.000000 rad/s)
Setting wheel cmd 5 speed_pwm 31
Stopping the wheel
PWM speed 31: 0.000000 cm/s (0.000000 rad/s)
Setting wheel cmd 5 speed_pwm 32
Stopping the wheel
PWM speed 32: 0.000000 cm/s (0.000000 rad/s)
Setting wheel cmd 5 speed_pwm 33
Stopping the wheel
PWM speed 33: 0.000000 cm/s (0.000000 rad/s)
Setting wheel cmd 5 speed_pwm 34
Stopping the wheel
PWM speed 34: 0.000000 cm/s (0.000000 rad/s)
Setting wheel cmd 5 speed_pwm 35
Stopping the wheel
PWM speed 35: 0.000000 cm/s (0.000000 rad/s)
Setting wheel cmd 5 speed_pwm 36
Stopping the wheel
PWM speed 36: 0.000000 cm/s (0.000000 rad/s)
Setting wheel cmd 5 speed_pwm 37
Stopping the wheel
PWM speed 37: 0.000000 cm/s (0.000000 rad/s)
Setting wheel cmd 5 speed_pwm 38
Stopping the wheel
PWM speed 38: 0.000000 cm/s (0.000000 rad/s)
Setting wheel cmd 5 speed_pwm 39
Stopping the wheel
PWM speed 39: 0.000000 cm/s (0.000000 rad/s)
Setting wheel cmd 5 speed_pwm 40
Stopping the wheel
PWM speed 40: 0.000000 cm/s (0.000000 rad/s)
Setting wheel cmd 5 speed_pwm 41
Stopping the wheel
PWM speed 41: 0.000000 cm/s (0.000000 rad/s)
Setting wheel cmd 5 speed_pwm 42
Stopping the wheel
PWM speed 42: 0.000000 cm/s (0.000000 rad/s)
Setting wheel cmd 5 speed_pwm 43
Stopping the wheel
PWM speed 43: 0.000000 cm/s (0.000000 rad/s)
Setting wheel cmd 5 speed_pwm 44
Stopping the wheel
PWM speed 44: 0.000000 cm/s (0.000000 rad/s)
Setting wheel cmd 5 speed_pwm 45
Stopping the wheel
PWM speed 45: 0.000000 cm/s (0.000000 rad/s)
Setting wheel cmd 5 speed_pwm 46
Stopping the wheel
PWM speed 46: 0.000000 cm/s (0.000000 rad/s)
Setting wheel cmd 5 speed_pwm 47
Stopping the wheel
PWM speed 47: 0.000000 cm/s (0.000000 rad/s)
Setting wheel cmd 5 speed_pwm 48
Stopping the wheel
PWM speed 48: 0.000000 cm/s (0.000000 rad/s)
Setting wheel cmd 5 speed_pwm 49
Stopping the wheel
PWM speed 49: 0.000000 cm/s (0.000000 rad/s)
Setting wheel cmd 5 speed_pwm 50
Stopping the wheel
PWM speed 50: 0.000000 cm/s (0.000000 rad/s)
Setting wheel cmd 5 speed_pwm 51
Stopping the wheel
PWM speed 51: 0.000000 cm/s (0.000000 rad/s)
Setting wheel cmd 5 speed_pwm 52
Stopping the wheel
PWM speed 52: 0.000000 cm/s (0.000000 rad/s)
Setting wheel cmd 5 speed_pwm 53
Stopping the wheel
PWM speed 53: 0.000000 cm/s (0.000000 rad/s)
Setting wheel cmd 5 speed_pwm 54
Stopping the wheel
PWM speed 54: 0.000000 cm/s (0.000000 rad/s)
Setting wheel cmd 5 speed_pwm 55
Stopping the wheel
PWM speed 55: 0.000000 cm/s (0.000000 rad/s)
Setting wheel cmd 5 speed_pwm 56
Stopping the wheel
PWM speed 56: 0.000000 cm/s (0.000000 rad/s)
Setting wheel cmd 5 speed_pwm 57
Stopping the wheel
PWM speed 57: 0.000000 cm/s (0.000000 rad/s)
Setting wheel cmd 5 speed_pwm 58
Stopping the wheel
PWM speed 58: 0.000000 cm/s (0.000000 rad/s)
Setting wheel cmd 5 speed_pwm 59
Stopping the wheel
PWM speed 59: 0.000000 cm/s (0.000000 rad/s)
Setting wheel cmd 5 speed_pwm 60
Stopping the wheel
PWM speed 60: 0.000000 cm/s (0.000000 rad/s)
Setting wheel cmd 5 speed_pwm 61
Stopping the wheel
PWM speed 61: 0.000000 cm/s (0.000000 rad/s)
Setting wheel cmd 5 speed_pwm 62
Stopping the wheel
PWM speed 62: 0.000000 cm/s (0.000000 rad/s)
Setting wheel cmd 5 speed_pwm 63
Stopping the wheel
PWM speed 63: 0.000000 cm/s (0.000000 rad/s)
Setting wheel cmd 5 speed_pwm 64
Stopping the wheel
PWM speed 64: 0.000000 cm/s (0.000000 rad/s)
Setting wheel cmd 5 speed_pwm 65
Stopping the wheel
PWM speed 65: 0.000000 cm/s (0.000000 rad/s)
Setting wheel cmd 5 speed_pwm 66
Stopping the wheel
PWM speed 66: 0.000000 cm/s (0.000000 rad/s)
Setting wheel cmd 5 speed_pwm 67
Stopping the wheel
PWM speed 67: 0.000000 cm/s (0.000000 rad/s)
Setting wheel cmd 5 speed_pwm 68
Stopping the wheel
PWM speed 68: 0.000000 cm/s (0.000000 rad/s)
Setting wheel cmd 5 speed_pwm 69
Stopping the wheel
PWM speed 69: 0.000000 cm/s (0.000000 rad/s)
Setting wheel cmd 5 speed_pwm 70
Stopping the wheel
PWM speed 70: 0.000000 cm/s (0.000000 rad/s)
Setting wheel cmd 5 speed_pwm 71
Stopping the wheel
PWM speed 71: 0.000000 cm/s (0.000000 rad/s)
Setting wheel cmd 5 speed_pwm 72
Stopping the wheel
PWM speed 72: 0.000000 cm/s (0.000000 rad/s)
Setting wheel cmd 5 speed_pwm 73
Stopping the wheel
PWM speed 73: 0.000000 cm/s (0.000000 rad/s)
Setting wheel cmd 5 speed_pwm 74
Stopping the wheel
PWM speed 74: 0.000000 cm/s (0.000000 rad/s)
Setting wheel cmd 5 speed_pwm 75
Stopping the wheel
PWM speed 75: 0.000000 cm/s (0.000000 rad/s)
Setting wheel cmd 5 speed_pwm 76
Stopping the wheel
PWM speed 76: 0.000000 cm/s (0.000000 rad/s)
Setting wheel cmd 5 speed_pwm 77
Stopping the wheel
PWM speed 77: 0.000000 cm/s (0.000000 rad/s)
Setting wheel cmd 5 speed_pwm 78
Stopping the wheel
PWM speed 78: 0.000000 cm/s (0.000000 rad/s)
Setting wheel cmd 5 speed_pwm 79
Stopping the wheel
PWM speed 79: 0.000000 cm/s (0.000000 rad/s)
Setting wheel cmd 5 speed_pwm 80
Stopping the wheel
PWM speed 80: 0.000000 cm/s (0.000000 rad/s)
Setting wheel cmd 5 speed_pwm 81
Stopping the wheel
PWM speed 81: 32.818425 cm/s (8.751580 rad/s)
Setting wheel cmd 5 speed_pwm 82
Stopping the wheel
PWM speed 82: 34.606607 cm/s (9.228428 rad/s)
Setting wheel cmd 5 speed_pwm 83
Stopping the wheel
PWM speed 83: 34.501419 cm/s (9.200378 rad/s)
Setting wheel cmd 5 speed_pwm 84
Stopping the wheel
PWM speed 84: 36.079228 cm/s (9.621127 rad/s)
Setting wheel cmd 5 speed_pwm 85
Stopping the wheel
PWM speed 85: 37.867410 cm/s (10.097976 rad/s)
Setting wheel cmd 5 speed_pwm 86
Stopping the wheel
PWM speed 86: 36.079228 cm/s (9.621127 rad/s)
Setting wheel cmd 5 speed_pwm 87
Stopping the wheel
PWM speed 87: 41.233401 cm/s (10.995574 rad/s)
Setting wheel cmd 5 speed_pwm 88
Stopping the wheel
PWM speed 88: 39.550407 cm/s (10.546775 rad/s)
Setting wheel cmd 5 speed_pwm 89
Stopping the wheel
PWM speed 89: 41.233401 cm/s (10.995574 rad/s)
Setting wheel cmd 5 speed_pwm 90
Stopping the wheel
PWM speed 90: 42.916403 cm/s (11.444373 rad/s)
Setting wheel cmd 5 speed_pwm 91
Stopping the wheel
PWM speed 91: 39.550407 cm/s (10.546775 rad/s)
Setting wheel cmd 5 speed_pwm 92
Stopping the wheel
PWM speed 92: 41.233401 cm/s (10.995574 rad/s)
Setting wheel cmd 5 speed_pwm 93
Stopping the wheel
PWM speed 93: 44.599395 cm/s (11.893172 rad/s)
Setting wheel cmd 5 speed_pwm 94
Stopping the wheel
PWM speed 94: 44.599395 cm/s (11.893172 rad/s)
Setting wheel cmd 5 speed_pwm 95
Stopping the wheel
PWM speed 95: 42.916403 cm/s (11.444373 rad/s)
Setting wheel cmd 5 speed_pwm 96
Stopping the wheel
PWM speed 96: 48.105636 cm/s (12.828170 rad/s)
Setting wheel cmd 5 speed_pwm 97
Stopping the wheel
PWM speed 97: 44.599395 cm/s (11.893172 rad/s)
Setting wheel cmd 5 speed_pwm 98
Stopping the wheel
PWM speed 98: 41.969714 cm/s (11.191925 rad/s)
Setting wheel cmd 5 speed_pwm 99
Stopping the wheel
PWM speed 99: 44.599395 cm/s (11.893172 rad/s)
Setting wheel cmd 5 speed_pwm 100
Stopping the wheel
PWM speed 100: 47.965388 cm/s (12.790771 rad/s)
Setting wheel cmd 5 speed_pwm 101
Stopping the wheel
PWM speed 101: 44.914961 cm/s (11.977323 rad/s)
Setting wheel cmd 5 speed_pwm 102
Stopping the wheel
PWM speed 102: 46.387582 cm/s (12.370023 rad/s)
Setting wheel cmd 5 speed_pwm 103
Stopping the wheel
PWM speed 103: 44.914961 cm/s (11.977323 rad/s)
Setting wheel cmd 5 speed_pwm 104
Stopping the wheel
PWM speed 104: 44.914961 cm/s (11.977323 rad/s)
Setting wheel cmd 5 speed_pwm 105
Stopping the wheel
PWM speed 105: 47.965388 cm/s (12.790771 rad/s)
Setting wheel cmd 5 speed_pwm 106
Stopping the wheel
PWM speed 106: 44.914961 cm/s (11.977323 rad/s)
Setting wheel cmd 5 speed_pwm 107
Stopping the wheel
PWM speed 107: 44.914961 cm/s (11.977323 rad/s)
Setting wheel cmd 5 speed_pwm 108
Stopping the wheel
PWM speed 108: 47.860198 cm/s (12.762721 rad/s)
Setting wheel cmd 5 speed_pwm 109
Stopping the wheel
PWM speed 109: 46.387582 cm/s (12.370023 rad/s)
Setting wheel cmd 5 speed_pwm 110
Stopping the wheel
PWM speed 110: 47.860198 cm/s (12.762721 rad/s)
Setting wheel cmd 5 speed_pwm 111
Stopping the wheel
PWM speed 111: 46.387582 cm/s (12.370023 rad/s)
Setting wheel cmd 5 speed_pwm 112
Stopping the wheel
PWM speed 112: 47.860198 cm/s (12.762721 rad/s)
Setting wheel cmd 5 speed_pwm 113
Stopping the wheel
PWM speed 113: 47.778392 cm/s (12.740904 rad/s)
Setting wheel cmd 5 speed_pwm 114
Stopping the wheel
PWM speed 114: 46.469398 cm/s (12.391839 rad/s)
Setting wheel cmd 5 speed_pwm 115
Stopping the wheel
PWM speed 115: 49.087386 cm/s (13.089970 rad/s)
Setting wheel cmd 5 speed_pwm 116
Stopping the wheel
PWM speed 116: 50.805445 cm/s (13.548118 rad/s)
Setting wheel cmd 5 speed_pwm 117
Stopping the wheel
PWM speed 117: 52.278066 cm/s (13.940817 rad/s)
Setting wheel cmd 5 speed_pwm 118
Stopping the wheel
PWM speed 118: 53.750687 cm/s (14.333516 rad/s)
Setting wheel cmd 5 speed_pwm 119
Stopping the wheel
PWM speed 119: 55.223308 cm/s (14.726215 rad/s)
Setting wheel cmd 5 speed_pwm 120
Stopping the wheel
PWM speed 120: 55.223308 cm/s (14.726215 rad/s)
Setting wheel cmd 5 speed_pwm 121
Stopping the wheel
PWM speed 121: 53.750687 cm/s (14.333516 rad/s)
Setting wheel cmd 5 speed_pwm 122
Stopping the wheel
PWM speed 122: 58.063369 cm/s (15.483564 rad/s)
Setting wheel cmd 5 speed_pwm 123
Stopping the wheel
PWM speed 123: 55.223308 cm/s (14.726215 rad/s)
Setting wheel cmd 5 speed_pwm 124
Stopping the wheel
PWM speed 124: 58.168554 cm/s (15.511614 rad/s)
Setting wheel cmd 5 speed_pwm 125
Stopping the wheel
PWM speed 125: 58.168554 cm/s (15.511614 rad/s)
Setting wheel cmd 5 speed_pwm 126
Stopping the wheel
PWM speed 126: 58.168554 cm/s (15.511614 rad/s)
Setting wheel cmd 5 speed_pwm 127
Stopping the wheel
PWM speed 127: 58.168554 cm/s (15.511614 rad/s)
Setting wheel cmd 5 speed_pwm 128
Stopping the wheel
PWM speed 128: 58.168554 cm/s (15.511614 rad/s)
Setting wheel cmd 5 speed_pwm 129
Stopping the wheel
PWM speed 129: 58.168554 cm/s (15.511614 rad/s)
Setting wheel cmd 5 speed_pwm 130
Stopping the wheel
PWM speed 130: 61.113796 cm/s (16.297012 rad/s)
Setting wheel cmd 5 speed_pwm 131
Stopping the wheel
PWM speed 131: 61.113796 cm/s (16.297012 rad/s)
Setting wheel cmd 5 speed_pwm 132
Stopping the wheel
PWM speed 132: 64.795351 cm/s (17.278759 rad/s)
Setting wheel cmd 5 speed_pwm 133
Stopping the wheel
PWM speed 133: 61.113796 cm/s (16.297012 rad/s)
Setting wheel cmd 5 speed_pwm 134
Stopping the wheel
PWM speed 134: 62.586417 cm/s (16.689711 rad/s)
Setting wheel cmd 5 speed_pwm 135
Stopping the wheel
PWM speed 135: 62.586417 cm/s (16.689711 rad/s)
Setting wheel cmd 5 speed_pwm 136
Stopping the wheel
PWM speed 136: 66.478348 cm/s (17.727560 rad/s)
Setting wheel cmd 5 speed_pwm 137
Stopping the wheel
PWM speed 137: 62.586417 cm/s (16.689711 rad/s)
Setting wheel cmd 5 speed_pwm 138
Stopping the wheel
PWM speed 138: 65.531664 cm/s (17.475109 rad/s)
Setting wheel cmd 5 speed_pwm 139
Stopping the wheel
PWM speed 139: 68.161349 cm/s (18.176359 rad/s)
Setting wheel cmd 5 speed_pwm 140
Stopping the wheel
PWM speed 140: 68.161349 cm/s (18.176359 rad/s)
Setting wheel cmd 5 speed_pwm 141
Stopping the wheel
PWM speed 141: 68.476906 cm/s (18.260508 rad/s)
Setting wheel cmd 5 speed_pwm 142
Stopping the wheel
PWM speed 142: 68.476906 cm/s (18.260508 rad/s)
Setting wheel cmd 5 speed_pwm 143
Stopping the wheel
PWM speed 143: 68.476906 cm/s (18.260508 rad/s)
Setting wheel cmd 5 speed_pwm 144
Stopping the wheel
PWM speed 144: 68.476906 cm/s (18.260508 rad/s)
Setting wheel cmd 5 speed_pwm 145
Stopping the wheel
PWM speed 145: 68.476906 cm/s (18.260508 rad/s)
Setting wheel cmd 5 speed_pwm 146
Stopping the wheel
PWM speed 146: 64.795351 cm/s (17.278759 rad/s)
Setting wheel cmd 5 speed_pwm 147
Stopping the wheel
PWM speed 147: 67.004280 cm/s (17.867807 rad/s)
Setting wheel cmd 5 speed_pwm 148
Stopping the wheel
PWM speed 148: 66.104350 cm/s (17.627827 rad/s)
Setting wheel cmd 5 speed_pwm 149
Stopping the wheel
PWM speed 149: 67.004280 cm/s (17.867807 rad/s)
Setting wheel cmd 5 speed_pwm 150
Stopping the wheel
PWM speed 150: 68.476906 cm/s (18.260508 rad/s)
Setting wheel cmd 5 speed_pwm 151
Stopping the wheel
PWM speed 151: 68.476906 cm/s (18.260508 rad/s)
Setting wheel cmd 5 speed_pwm 152
Stopping the wheel
PWM speed 152: 68.476906 cm/s (18.260508 rad/s)
Setting wheel cmd 5 speed_pwm 153
Stopping the wheel
PWM speed 153: 66.104350 cm/s (17.627827 rad/s)
Setting wheel cmd 5 speed_pwm 154
Stopping the wheel
PWM speed 154: 66.104350 cm/s (17.627827 rad/s)
Setting wheel cmd 5 speed_pwm 155
Stopping the wheel
PWM speed 155: 67.413344 cm/s (17.976893 rad/s)
Setting wheel cmd 5 speed_pwm 156
Stopping the wheel
PWM speed 156: 68.722343 cm/s (18.325958 rad/s)
Setting wheel cmd 5 speed_pwm 157
Stopping the wheel
PWM speed 157: 68.722343 cm/s (18.325958 rad/s)
Setting wheel cmd 5 speed_pwm 158
Stopping the wheel
PWM speed 158: 70.031343 cm/s (18.675024 rad/s)
Setting wheel cmd 5 speed_pwm 159
Stopping the wheel
PWM speed 159: 68.722343 cm/s (18.325958 rad/s)
Setting wheel cmd 5 speed_pwm 160
Stopping the wheel
PWM speed 160: 68.722343 cm/s (18.325958 rad/s)
Setting wheel cmd 5 speed_pwm 161
Stopping the wheel
PWM speed 161: 70.031343 cm/s (18.675024 rad/s)
Setting wheel cmd 5 speed_pwm 162
Stopping the wheel
PWM speed 162: 72.649341 cm/s (19.373158 rad/s)
Setting wheel cmd 5 speed_pwm 163
Stopping the wheel
PWM speed 163: 70.031343 cm/s (18.675024 rad/s)
Setting wheel cmd 5 speed_pwm 164
Stopping the wheel
PWM speed 164: 73.958330 cm/s (19.722222 rad/s)
Setting wheel cmd 5 speed_pwm 165
Stopping the wheel
PWM speed 165: 77.312632 cm/s (20.616701 rad/s)
Setting wheel cmd 5 speed_pwm 166
Stopping the wheel
PWM speed 166: 76.576319 cm/s (20.420351 rad/s)
Setting wheel cmd 5 speed_pwm 167
Stopping the wheel
PWM speed 167: 75.267329 cm/s (20.071287 rad/s)
Setting wheel cmd 5 speed_pwm 168
Stopping the wheel
PWM speed 168: 76.576319 cm/s (20.420351 rad/s)
Setting wheel cmd 5 speed_pwm 169
Stopping the wheel
PWM speed 169: 77.885323 cm/s (20.769420 rad/s)
Setting wheel cmd 5 speed_pwm 170
Stopping the wheel
PWM speed 170: 76.576319 cm/s (20.420351 rad/s)
Setting wheel cmd 5 speed_pwm 171
Stopping the wheel
PWM speed 171: 77.885323 cm/s (20.769420 rad/s)
Setting wheel cmd 5 speed_pwm 172
Stopping the wheel
PWM speed 172: 80.257874 cm/s (21.402099 rad/s)
Setting wheel cmd 5 speed_pwm 173
Stopping the wheel
PWM speed 173: 77.885323 cm/s (20.769420 rad/s)
Setting wheel cmd 5 speed_pwm 174
Stopping the wheel
PWM speed 174: 79.194322 cm/s (21.118486 rad/s)
Setting wheel cmd 5 speed_pwm 175
Stopping the wheel
PWM speed 175: 77.885323 cm/s (20.769420 rad/s)
Setting wheel cmd 5 speed_pwm 176
Stopping the wheel
PWM speed 176: 83.203115 cm/s (22.187498 rad/s)
Setting wheel cmd 5 speed_pwm 177
Stopping the wheel
PWM speed 177: 77.885323 cm/s (20.769420 rad/s)
Setting wheel cmd 5 speed_pwm 178
Stopping the wheel
PWM speed 178: 86.148357 cm/s (22.972896 rad/s)
Setting wheel cmd 5 speed_pwm 179
Stopping the wheel
PWM speed 179: 86.148357 cm/s (22.972896 rad/s)
Setting wheel cmd 5 speed_pwm 180
Stopping the wheel
PWM speed 180: 84.675741 cm/s (22.580199 rad/s)
Setting wheel cmd 5 speed_pwm 181
Stopping the wheel
PWM speed 181: 89.093609 cm/s (23.758295 rad/s)
Setting wheel cmd 5 speed_pwm 182
Stopping the wheel
PWM speed 182: 86.148357 cm/s (22.972896 rad/s)
Setting wheel cmd 5 speed_pwm 183
Stopping the wheel
PWM speed 183: 92.038851 cm/s (24.543693 rad/s)
Setting wheel cmd 5 speed_pwm 184
Stopping the wheel
PWM speed 184: 87.620983 cm/s (23.365595 rad/s)
Setting wheel cmd 5 speed_pwm 185
Stopping the wheel
PWM speed 185: 87.620983 cm/s (23.365595 rad/s)
Setting wheel cmd 5 speed_pwm 186
Stopping the wheel
PWM speed 186: 87.620983 cm/s (23.365595 rad/s)
Setting wheel cmd 5 speed_pwm 187
Stopping the wheel
PWM speed 187: 87.048302 cm/s (23.212881 rad/s)
Setting wheel cmd 5 speed_pwm 188
Stopping the wheel
PWM speed 188: 87.620983 cm/s (23.365595 rad/s)
Setting wheel cmd 5 speed_pwm 189
Stopping the wheel
PWM speed 189: 92.038851 cm/s (24.543693 rad/s)
Setting wheel cmd 5 speed_pwm 190
Stopping the wheel
PWM speed 190: 92.038851 cm/s (24.543693 rad/s)
Setting wheel cmd 5 speed_pwm 191
Stopping the wheel
PWM speed 191: 92.038851 cm/s (24.543693 rad/s)
Setting wheel cmd 5 speed_pwm 192
Stopping the wheel
PWM speed 192: 88.357296 cm/s (23.561945 rad/s)
Setting wheel cmd 5 speed_pwm 193
Stopping the wheel
PWM speed 193: 92.038851 cm/s (24.543693 rad/s)
Setting wheel cmd 5 speed_pwm 194
Stopping the wheel
PWM speed 194: 89.093609 cm/s (23.758295 rad/s)
Setting wheel cmd 5 speed_pwm 195
Stopping the wheel
PWM speed 195: 92.038851 cm/s (24.543693 rad/s)
Setting wheel cmd 5 speed_pwm 196
Stopping the wheel
PWM speed 196: 88.357296 cm/s (23.561945 rad/s)
Setting wheel cmd 5 speed_pwm 197
Stopping the wheel
PWM speed 197: 90.566225 cm/s (24.150994 rad/s)
Setting wheel cmd 5 speed_pwm 198
Stopping the wheel
PWM speed 198: 92.038851 cm/s (24.543693 rad/s)
Setting wheel cmd 5 speed_pwm 199
Stopping the wheel
PWM speed 199: 90.975294 cm/s (24.260080 rad/s)
Setting wheel cmd 5 speed_pwm 200
Stopping the wheel
PWM speed 200: 89.666290 cm/s (23.911011 rad/s)
Setting wheel cmd 5 speed_pwm 201
Stopping the wheel
PWM speed 201: 88.357296 cm/s (23.561945 rad/s)
Setting wheel cmd 5 speed_pwm 202
Stopping the wheel
PWM speed 202: 92.284288 cm/s (24.609144 rad/s)
Setting wheel cmd 5 speed_pwm 203
Stopping the wheel
PWM speed 203: 92.284288 cm/s (24.609144 rad/s)
Setting wheel cmd 5 speed_pwm 204
Stopping the wheel
PWM speed 204: 93.593283 cm/s (24.958210 rad/s)
Setting wheel cmd 5 speed_pwm 205
Stopping the wheel
PWM speed 205: 92.284288 cm/s (24.609144 rad/s)
Setting wheel cmd 5 speed_pwm 206
Stopping the wheel
PWM speed 206: 93.593283 cm/s (24.958210 rad/s)
Setting wheel cmd 5 speed_pwm 207
Stopping the wheel
PWM speed 207: 93.593283 cm/s (24.958210 rad/s)
Setting wheel cmd 5 speed_pwm 208
Stopping the wheel
PWM speed 208: 96.456709 cm/s (25.721791 rad/s)
Setting wheel cmd 5 speed_pwm 209
Stopping the wheel
PWM speed 209: 97.929335 cm/s (26.114490 rad/s)
Setting wheel cmd 5 speed_pwm 210
Stopping the wheel
PWM speed 210: 97.520275 cm/s (26.005406 rad/s)
Setting wheel cmd 5 speed_pwm 211
Stopping the wheel
PWM speed 211: 96.211281 cm/s (25.656343 rad/s)
Setting wheel cmd 5 speed_pwm 212
Stopping the wheel
PWM speed 212: 99.401951 cm/s (26.507185 rad/s)
Setting wheel cmd 5 speed_pwm 213
Stopping the wheel
PWM speed 213: 100.874567 cm/s (26.899886 rad/s)
Setting wheel cmd 5 speed_pwm 214
Stopping the wheel
PWM speed 214: 100.874567 cm/s (26.899886 rad/s)
Setting wheel cmd 5 speed_pwm 215
Stopping the wheel
PWM speed 215: 96.211281 cm/s (25.656343 rad/s)
Setting wheel cmd 5 speed_pwm 216
Stopping the wheel
PWM speed 216: 100.138271 cm/s (26.703539 rad/s)
Setting wheel cmd 5 speed_pwm 217
Stopping the wheel
PWM speed 217: 100.138271 cm/s (26.703539 rad/s)
Setting wheel cmd 5 speed_pwm 218
Stopping the wheel
PWM speed 218: 101.447260 cm/s (27.052605 rad/s)
Setting wheel cmd 5 speed_pwm 219
Stopping the wheel
PWM speed 219: 101.447260 cm/s (27.052605 rad/s)
Setting wheel cmd 5 speed_pwm 220
Stopping the wheel
PWM speed 220: 100.138271 cm/s (26.703539 rad/s)
Setting wheel cmd 5 speed_pwm 221
Stopping the wheel
PWM speed 221: 98.829269 cm/s (26.354473 rad/s)
Setting wheel cmd 5 speed_pwm 222
Stopping the wheel
PWM speed 222: 102.756262 cm/s (27.401671 rad/s)
Setting wheel cmd 5 speed_pwm 223
Stopping the wheel
PWM speed 223: 101.447260 cm/s (27.052605 rad/s)
Setting wheel cmd 5 speed_pwm 224
Stopping the wheel
PWM speed 224: 98.829269 cm/s (26.354473 rad/s)
Setting wheel cmd 5 speed_pwm 225
Stopping the wheel
PWM speed 225: 100.138271 cm/s (26.703539 rad/s)
Setting wheel cmd 5 speed_pwm 226
Stopping the wheel
PWM speed 226: 106.765056 cm/s (28.470683 rad/s)
Setting wheel cmd 5 speed_pwm 227
Stopping the wheel
PWM speed 227: 109.710300 cm/s (29.256082 rad/s)
Setting wheel cmd 5 speed_pwm 228
Stopping the wheel
PWM speed 228: 106.683242 cm/s (28.448866 rad/s)
Setting wheel cmd 5 speed_pwm 229
Stopping the wheel
PWM speed 229: 106.765056 cm/s (28.470683 rad/s)
Setting wheel cmd 5 speed_pwm 230
Stopping the wheel
PWM speed 230: 109.710300 cm/s (29.256082 rad/s)
Setting wheel cmd 5 speed_pwm 231
Stopping the wheel
PWM speed 231: 107.992244 cm/s (28.797934 rad/s)
Setting wheel cmd 5 speed_pwm 232
Stopping the wheel
PWM speed 232: 105.374253 cm/s (28.099802 rad/s)
Setting wheel cmd 5 speed_pwm 233
Stopping the wheel
PWM speed 233: 109.710300 cm/s (29.256082 rad/s)
Setting wheel cmd 5 speed_pwm 234
Stopping the wheel
PWM speed 234: 109.710300 cm/s (29.256082 rad/s)
Setting wheel cmd 5 speed_pwm 235
Stopping the wheel
PWM speed 235: 107.992244 cm/s (28.797934 rad/s)
Setting wheel cmd 5 speed_pwm 236
Stopping the wheel
PWM speed 236: 110.610247 cm/s (29.496067 rad/s)
Setting wheel cmd 5 speed_pwm 237
Stopping the wheel
PWM speed 237: 113.228238 cm/s (30.194197 rad/s)
Setting wheel cmd 5 speed_pwm 238
Stopping the wheel
PWM speed 238: 109.301245 cm/s (29.147000 rad/s)
Setting wheel cmd 5 speed_pwm 239
Stopping the wheel
PWM speed 239: 110.610247 cm/s (29.496067 rad/s)
Setting wheel cmd 5 speed_pwm 240
Stopping the wheel
PWM speed 240: 114.537239 cm/s (30.543265 rad/s)
Setting wheel cmd 5 speed_pwm 241
Stopping the wheel
PWM speed 241: 119.773221 cm/s (31.939526 rad/s)
Setting wheel cmd 5 speed_pwm 242
Stopping the wheel
PWM speed 242: 117.155242 cm/s (31.241398 rad/s)
Setting wheel cmd 5 speed_pwm 243
Stopping the wheel
PWM speed 243: 121.082222 cm/s (32.288594 rad/s)
Setting wheel cmd 5 speed_pwm 244
Stopping the wheel
PWM speed 244: 122.391200 cm/s (32.637653 rad/s)
Setting wheel cmd 5 speed_pwm 245
Stopping the wheel
PWM speed 245: 122.391200 cm/s (32.637653 rad/s)
Setting wheel cmd 5 speed_pwm 246
Stopping the wheel
PWM speed 246: 125.009203 cm/s (33.335788 rad/s)
Setting wheel cmd 5 speed_pwm 247
Stopping the wheel
PWM speed 247: 123.700213 cm/s (32.986722 rad/s)
Setting wheel cmd 5 speed_pwm 248
Stopping the wheel
PWM speed 248: 127.627206 cm/s (34.033921 rad/s)
Setting wheel cmd 5 speed_pwm 249
Stopping the wheel
PWM speed 249: 125.009203 cm/s (33.335788 rad/s)
Setting wheel cmd 5 speed_pwm 250
Stopping the wheel
PWM speed 250: 121.082222 cm/s (32.288594 rad/s)
Setting wheel cmd 5 speed_pwm 251
Stopping the wheel
PWM speed 251: 122.391200 cm/s (32.637653 rad/s)
Setting wheel cmd 5 speed_pwm 252
Stopping the wheel
PWM speed 252: 126.318204 cm/s (33.684857 rad/s)
Setting wheel cmd 5 speed_pwm 253
Stopping the wheel
PWM speed 253: 123.700213 cm/s (32.986722 rad/s)
Setting wheel cmd 5 speed_pwm 254
Stopping the wheel
PWM speed 254: 125.009203 cm/s (33.335788 rad/s)
Setting wheel cmd 5 speed_pwm 255
Stopping the wheel
PWM speed 255: 123.700213 cm/s (32.986722 rad/s)
Stopping the wheel
Stopping the wheel
Traceback (most recent call last):
  File "main.py", line 379, in <module>
  File "main.py", line 362, in kalibrace
  File "main.py", line 352, in gather_pwm_to_real_speed_table
  File "main.py", line 250, in gather_pwm_to_real_speed_table
  File "main.py", line 254, in __build_real_to_pwm_speed_table
MemoryError: memory allocation failed, allocating 2044 bytes
MicroPython v1.18 on 2022-11-10; micro:bit v2.1.1 with nRF52833
Type "help()" for more information.
>>> 
