
>>> 
MPY: soft reboot
B pressed, starting
Transitioning state Start (action Start) to state Line (action Fwd)
FWD, rad 9
Setting left wheel speed_pwm 131
Setting right wheel speed_pwm 132
FWD, rad 9
FWD, rad 9
FWD, rad 9
FWD, rad 9
FWD, rad 9
FWD, rad 9
FWD, rad 9
FWD, rad 9
FWD, rad 9
FWD, rad 9
FWD, rad 9
FWD, rad 9
FWD, rad 9
FWD, rad 9
Transitioning from state Line action Fwd, 0b0
FWD, rad 9
Transitioning from state Line action Fwd, 0b0
FWD, rad 9
Transitioning from state Line action Fwd, 0b1
Transitioning state Line action Fwd to Fwd-R
FWD_R, rotation_rad 14, init 2 + inc_per_cycle 6 * cycle 2
Setting left wheel speed_pwm 113
Setting right wheel speed_pwm 43
FWD_R, rotation_rad 16, init 2 + inc_per_cycle 6 * cycle 3
Setting left wheel speed_pwm 118
Setting right wheel speed_pwm 38
FWD_R, rotation_rad 16, init 2 + inc_per_cycle 6 * cycle 4
Transitioning from state Line action Fwd-R, 0b10
Transitioning state Line action Fwd-R to Fwd
FWD, rad 9
Setting left wheel speed_pwm 131
Setting right wheel speed_pwm 132
FWD, rad 9
FWD, rad 9
FWD, rad 9
FWD, rad 9
FWD, rad 9
FWD, rad 9
FWD, rad 9
FWD, rad 9
FWD, rad 9
FWD, rad 9
FWD, rad 9
FWD, rad 9
FWD, rad 9
Transitioning from state Line action Fwd, 0b100
Transitioning state Line action Fwd to Fwd-L
Setting left wheel speed_pwm 47
Setting right wheel speed_pwm 114
FWD_L, rotation_rad 14, init 2 + inc_per_cycle 6 * cycle 2
Setting left wheel speed_pwm 43
Setting right wheel speed_pwm 119
FWD_L, rotation_rad 16, init 2 + inc_per_cycle 6 * cycle 3
FWD_L, rotation_rad 16, init 2 + inc_per_cycle 6 * cycle 4
Transitioning from state Line action Fwd-L, 0b10
Transitioning state Line action Fwd-L to Fwd
FWD, rad 9
Setting left wheel speed_pwm 131
Setting right wheel speed_pwm 132
FWD, rad 9
FWD, rad 9
FWD, rad 9
FWD, rad 9
FWD, rad 9
FWD, rad 9
FWD, rad 9
FWD, rad 9
FWD, rad 9
FWD, rad 9
FWD, rad 9
FWD, rad 9
FWD, rad 9
FWD, rad 9
FWD, rad 9
FWD, rad 9
FWD, rad 9
Transitioning from state Line action Fwd, 0b0
FWD, rad 9
Transitioning from state Line action Fwd, 0b1
Transitioning state Line action Fwd to Fwd-R
FWD_R, rotation_rad 14, init 2 + inc_per_cycle 6 * cycle 2
Setting left wheel speed_pwm 113
Setting right wheel speed_pwm 43
FWD_R, rotation_rad 16, init 2 + inc_per_cycle 6 * cycle 3
Setting left wheel speed_pwm 118
Setting right wheel speed_pwm 38
FWD_R, rotation_rad 16, init 2 + inc_per_cycle 6 * cycle 4
FWD_R, rotation_rad 16, init 2 + inc_per_cycle 6 * cycle 5
Transitioning from state Line action Fwd-R, 0b0
FWD_R, rotation_rad 16, init 2 + inc_per_cycle 6 * cycle 6
Transitioning from state Line action Fwd-R, 0b10
Transitioning state Line action Fwd-R to Fwd
FWD, rad 9
Setting left wheel speed_pwm 131
Setting right wheel speed_pwm 132
FWD, rad 9
FWD, rad 9
FWD, rad 9
FWD, rad 9
FWD, rad 9
FWD, rad 9
FWD, rad 9
FWD, rad 9
FWD, rad 9
FWD, rad 9
FWD, rad 9
FWD, rad 9
FWD, rad 9
FWD, rad 9
Transitioning from state Line action Fwd, 0b1
Transitioning state Line action Fwd to Fwd-R
FWD_R, rotation_rad 14, init 2 + inc_per_cycle 6 * cycle 2
Setting left wheel speed_pwm 113
Setting right wheel speed_pwm 43
FWD_R, rotation_rad 16, init 2 + inc_per_cycle 6 * cycle 3
Setting left wheel speed_pwm 118
Setting right wheel speed_pwm 38
FWD_R, rotation_rad 16, init 2 + inc_per_cycle 6 * cycle 4
FWD_R, rotation_rad 16, init 2 + inc_per_cycle 6 * cycle 5
FWD_R, rotation_rad 16, init 2 + inc_per_cycle 6 * cycle 6
FWD_R, rotation_rad 16, init 2 + inc_per_cycle 6 * cycle 7
FWD_R, rotation_rad 16, init 2 + inc_per_cycle 6 * cycle 8
FWD_R, rotation_rad 16, init 2 + inc_per_cycle 6 * cycle 9
Transitioning from state Line action Fwd-R, 0b10
Transitioning state Line action Fwd-R to Fwd
FWD, rad 9
Setting left wheel speed_pwm 131
Setting right wheel speed_pwm 132
FWD, rad 9
FWD, rad 9
FWD, rad 9
FWD, rad 9
FWD, rad 9
Transitioning from state Line action Fwd, 0b1
Transitioning state Line action Fwd to Fwd-R
FWD_R, rotation_rad 14, init 2 + inc_per_cycle 6 * cycle 2
Setting left wheel speed_pwm 113
Setting right wheel speed_pwm 43
FWD_R, rotation_rad 16, init 2 + inc_per_cycle 6 * cycle 3
Setting left wheel speed_pwm 118
Setting right wheel speed_pwm 38
FWD_R, rotation_rad 16, init 2 + inc_per_cycle 6 * cycle 4
FWD_R, rotation_rad 16, init 2 + inc_per_cycle 6 * cycle 5
FWD_R, rotation_rad 16, init 2 + inc_per_cycle 6 * cycle 6
Transitioning from state Line action Fwd-R, 0b10
Transitioning state Line action Fwd-R to Fwd
FWD, rad 9
Setting left wheel speed_pwm 131
Setting right wheel speed_pwm 132
FWD, rad 9
FWD, rad 9
FWD, rad 9
FWD, rad 9
FWD, rad 9
FWD, rad 9
FWD, rad 9
FWD, rad 9
Transitioning from state Line action Fwd, 0b0
FWD, rad 9
Transitioning from state Line action Fwd, 0b1
Transitioning state Line action Fwd to Fwd-R
FWD_R, rotation_rad 14, init 2 + inc_per_cycle 6 * cycle 2
Setting left wheel speed_pwm 113
Setting right wheel speed_pwm 43
FWD_R, rotation_rad 16, init 2 + inc_per_cycle 6 * cycle 3
Setting left wheel speed_pwm 118
Setting right wheel speed_pwm 38
FWD_R, rotation_rad 16, init 2 + inc_per_cycle 6 * cycle 4
FWD_R, rotation_rad 16, init 2 + inc_per_cycle 6 * cycle 5
Transitioning from state Line action Fwd-R, 0b10
Transitioning state Line action Fwd-R to Fwd
FWD, rad 9
Setting left wheel speed_pwm 131
Setting right wheel speed_pwm 132
FWD, rad 9
FWD, rad 9
FWD, rad 9
FWD, rad 9
FWD, rad 9
FWD, rad 9
FWD, rad 9
FWD, rad 9
FWD, rad 9
FWD, rad 9
FWD, rad 9
FWD, rad 9
FWD, rad 9
FWD, rad 9
FWD, rad 9
Transitioning from state Line action Fwd, 0b0
FWD, rad 9
Transitioning from state Line action Fwd, 0b0
FWD, rad 9
Transitioning from state Line action Fwd, 0b1
Transitioning state Line action Fwd to Fwd-R
FWD_R, rotation_rad 14, init 2 + inc_per_cycle 6 * cycle 2
Setting left wheel speed_pwm 113
Setting right wheel speed_pwm 43
FWD_R, rotation_rad 16, init 2 + inc_per_cycle 6 * cycle 3
Setting left wheel speed_pwm 118
Setting right wheel speed_pwm 38
Transitioning from state Line action Fwd-R, 0b0
FWD_R, rotation_rad 16, init 2 + inc_per_cycle 6 * cycle 4
Transitioning from state Line action Fwd-R, 0b10
Transitioning state Line action Fwd-R to Fwd
FWD, rad 9
Setting left wheel speed_pwm 131
Setting right wheel speed_pwm 132
FWD, rad 9
FWD, rad 9
FWD, rad 9
FWD, rad 9
FWD, rad 9
FWD, rad 9
FWD, rad 9
FWD, rad 9
FWD, rad 9
FWD, rad 9
FWD, rad 9
FWD, rad 9
FWD, rad 9
FWD, rad 9
FWD, rad 9
FWD, rad 9
FWD, rad 9
FWD, rad 9
FWD, rad 9
Transitioning from state Line action Fwd, 0b0
FWD, rad 9
Transitioning from state Line action Fwd, 0b1
Transitioning state Line action Fwd to Fwd-R
FWD_R, rotation_rad 14, init 2 + inc_per_cycle 6 * cycle 2
Setting left wheel speed_pwm 113
Setting right wheel speed_pwm 43
FWD_R, rotation_rad 16, init 2 + inc_per_cycle 6 * cycle 3
Setting left wheel speed_pwm 118
Setting right wheel speed_pwm 38
FWD_R, rotation_rad 16, init 2 + inc_per_cycle 6 * cycle 4
FWD_R, rotation_rad 16, init 2 + inc_per_cycle 6 * cycle 5
FWD_R, rotation_rad 16, init 2 + inc_per_cycle 6 * cycle 6
Transitioning from state Line action Fwd-R, 0b0
FWD_R, rotation_rad 16, init 2 + inc_per_cycle 6 * cycle 7
Transitioning from state Line action Fwd-R, 0b10
Transitioning state Line action Fwd-R to Fwd
FWD, rad 9
Setting left wheel speed_pwm 131
Setting right wheel speed_pwm 132
FWD, rad 9
FWD, rad 9
FWD, rad 9
FWD, rad 9
FWD, rad 9
FWD, rad 9
FWD, rad 9
FWD, rad 9
FWD, rad 9
FWD, rad 9
Transitioning from state Line action Fwd, 0b110
FWD, rad 9
Transitioning from state Line action Fwd, 0b100
Transitioning state Line action Fwd to Fwd-L
Setting left wheel speed_pwm 47
Setting right wheel speed_pwm 114
FWD_L, rotation_rad 14, init 2 + inc_per_cycle 6 * cycle 2
Setting left wheel speed_pwm 43
Setting right wheel speed_pwm 119
FWD_L, rotation_rad 16, init 2 + inc_per_cycle 6 * cycle 3
FWD_L, rotation_rad 16, init 2 + inc_per_cycle 6 * cycle 4
FWD_L, rotation_rad 16, init 2 + inc_per_cycle 6 * cycle 5
FWD_L, rotation_rad 16, init 2 + inc_per_cycle 6 * cycle 6
FWD_L, rotation_rad 16, init 2 + inc_per_cycle 6 * cycle 7
FWD_L, rotation_rad 16, init 2 + inc_per_cycle 6 * cycle 8
FWD_L, rotation_rad 16, init 2 + inc_per_cycle 6 * cycle 9
FWD_L, rotation_rad 16, init 2 + inc_per_cycle 6 * cycle 10
Transitioning from state Line action Fwd-L, 0b110
FWD_L, rotation_rad 16, init 2 + inc_per_cycle 6 * cycle 11
Transitioning from state Line action Fwd-L, 0b10
Transitioning state Line action Fwd-L to Fwd
FWD, rad 9
Setting left wheel speed_pwm 131
Setting right wheel speed_pwm 132
FWD, rad 9
FWD, rad 9
FWD, rad 9
FWD, rad 9
FWD, rad 9
Transitioning from state Line action Fwd, 0b110
FWD, rad 9
Transitioning from state Line action Fwd, 0b100
Transitioning state Line action Fwd to Fwd-L
Setting left wheel speed_pwm 47
Setting right wheel speed_pwm 114
FWD_L, rotation_rad 14, init 2 + inc_per_cycle 6 * cycle 2
Setting left wheel speed_pwm 43
Setting right wheel speed_pwm 119
FWD_L, rotation_rad 16, init 2 + inc_per_cycle 6 * cycle 3
FWD_L, rotation_rad 16, init 2 + inc_per_cycle 6 * cycle 4
FWD_L, rotation_rad 16, init 2 + inc_per_cycle 6 * cycle 5
FWD_L, rotation_rad 16, init 2 + inc_per_cycle 6 * cycle 6
FWD_L, rotation_rad 16, init 2 + inc_per_cycle 6 * cycle 7
FWD_L, rotation_rad 16, init 2 + inc_per_cycle 6 * cycle 8
FWD_L, rotation_rad 16, init 2 + inc_per_cycle 6 * cycle 9
Transitioning from state Line action Fwd-L, 0b110
FWD_L, rotation_rad 16, init 2 + inc_per_cycle 6 * cycle 10
Transitioning from state Line action Fwd-L, 0b10
Transitioning state Line action Fwd-L to Fwd
FWD, rad 9
Setting left wheel speed_pwm 131
Setting right wheel speed_pwm 132
FWD, rad 9
FWD, rad 9
Transitioning from state Line action Fwd, 0b110
FWD, rad 9
Transitioning from state Line action Fwd, 0b100
Transitioning state Line action Fwd to Fwd-L
Setting left wheel speed_pwm 47
Setting right wheel speed_pwm 114
FWD_L, rotation_rad 14, init 2 + inc_per_cycle 6 * cycle 2
Setting left wheel speed_pwm 43
Setting right wheel speed_pwm 119
FWD_L, rotation_rad 16, init 2 + inc_per_cycle 6 * cycle 3
FWD_L, rotation_rad 16, init 2 + inc_per_cycle 6 * cycle 4
FWD_L, rotation_rad 16, init 2 + inc_per_cycle 6 * cycle 5
FWD_L, rotation_rad 16, init 2 + inc_per_cycle 6 * cycle 6
FWD_L, rotation_rad 16, init 2 + inc_per_cycle 6 * cycle 7
FWD_L, rotation_rad 16, init 2 + inc_per_cycle 6 * cycle 8
FWD_L, rotation_rad 16, init 2 + inc_per_cycle 6 * cycle 9
FWD_L, rotation_rad 16, init 2 + inc_per_cycle 6 * cycle 10
FWD_L, rotation_rad 16, init 2 + inc_per_cycle 6 * cycle 11
FWD_L, rotation_rad 16, init 2 + inc_per_cycle 6 * cycle 12
FWD_L, rotation_rad 16, init 2 + inc_per_cycle 6 * cycle 13
FWD_L, rotation_rad 16, init 2 + inc_per_cycle 6 * cycle 14
FWD_L, rotation_rad 16, init 2 + inc_per_cycle 6 * cycle 15
FWD_L, rotation_rad 16, init 2 + inc_per_cycle 6 * cycle 16
FWD_L, rotation_rad 16, init 2 + inc_per_cycle 6 * cycle 17
FWD_L, rotation_rad 16, init 2 + inc_per_cycle 6 * cycle 18
FWD_L, rotation_rad 16, init 2 + inc_per_cycle 6 * cycle 19
FWD_L, rotation_rad 16, init 2 + inc_per_cycle 6 * cycle 20
FWD_L, rotation_rad 16, init 2 + inc_per_cycle 6 * cycle 21
FWD_L, rotation_rad 16, init 2 + inc_per_cycle 6 * cycle 22
FWD_L, rotation_rad 16, init 2 + inc_per_cycle 6 * cycle 23
FWD_L, rotation_rad 16, init 2 + inc_per_cycle 6 * cycle 24
FWD_L, rotation_rad 16, init 2 + inc_per_cycle 6 * cycle 25
FWD_L, rotation_rad 16, init 2 + inc_per_cycle 6 * cycle 26
FWD_L, rotation_rad 16, init 2 + inc_per_cycle 6 * cycle 27
FWD_L, rotation_rad 16, init 2 + inc_per_cycle 6 * cycle 28
FWD_L, rotation_rad 16, init 2 + inc_per_cycle 6 * cycle 29
FWD_L, rotation_rad 16, init 2 + inc_per_cycle 6 * cycle 30
FWD_L, rotation_rad 16, init 2 + inc_per_cycle 6 * cycle 31
FWD_L, rotation_rad 16, init 2 + inc_per_cycle 6 * cycle 32
FWD_L, rotation_rad 16, init 2 + inc_per_cycle 6 * cycle 33
FWD_L, rotation_rad 16, init 2 + inc_per_cycle 6 * cycle 34
FWD_L, rotation_rad 16, init 2 + inc_per_cycle 6 * cycle 35
FWD_L, rotation_rad 16, init 2 + inc_per_cycle 6 * cycle 36
FWD_L, rotation_rad 16, init 2 + inc_per_cycle 6 * cycle 37
FWD_L, rotation_rad 16, init 2 + inc_per_cycle 6 * cycle 38
FWD_L, rotation_rad 16, init 2 + inc_per_cycle 6 * cycle 39
FWD_L, rotation_rad 16, init 2 + inc_per_cycle 6 * cycle 40
FWD_L, rotation_rad 16, init 2 + inc_per_cycle 6 * cycle 41
FWD_L, rotation_rad 16, init 2 + inc_per_cycle 6 * cycle 42
FWD_L, rotation_rad 16, init 2 + inc_per_cycle 6 * cycle 43
FWD_L, rotation_rad 16, init 2 + inc_per_cycle 6 * cycle 44
FWD_L, rotation_rad 16, init 2 + inc_per_cycle 6 * cycle 45
FWD_L, rotation_rad 16, init 2 + inc_per_cycle 6 * cycle 46
FWD_L, rotation_rad 16, init 2 + inc_per_cycle 6 * cycle 47
FWD_L, rotation_rad 16, init 2 + inc_per_cycle 6 * cycle 48
FWD_L, rotation_rad 16, init 2 + inc_per_cycle 6 * cycle 49
Transitioning from state Line action Fwd-L, 0b0
FWD_L, rotation_rad 16, init 2 + inc_per_cycle 6 * cycle 50
Transitioning from state Line action Fwd-L, 0b0
FWD_L, rotation_rad 16, init 2 + inc_per_cycle 6 * cycle 51
Transitioning from state Line action Fwd-L, 0b0
FWD_L, rotation_rad 16, init 2 + inc_per_cycle 6 * cycle 52
Transitioning from state Line action Fwd-L, 0b0
FWD_L, rotation_rad 16, init 2 + inc_per_cycle 6 * cycle 53
Transitioning from state Line action Fwd-L, 0b0
FWD_L, rotation_rad 16, init 2 + inc_per_cycle 6 * cycle 54
Transitioning from state Line action Fwd-L, 0b0
FWD_L, rotation_rad 16, init 2 + inc_per_cycle 6 * cycle 55
Transitioning from state Line action Fwd-L, 0b0
FWD_L, rotation_rad 16, init 2 + inc_per_cycle 6 * cycle 56
Transitioning from state Line action Fwd-L, 0b0
FWD_L, rotation_rad 16, init 2 + inc_per_cycle 6 * cycle 57
Transitioning from state Line action Fwd-L, 0b0
FWD_L, rotation_rad 16, init 2 + inc_per_cycle 6 * cycle 58
Transitioning from state Line action Fwd-L, 0b0
FWD_L, rotation_rad 16, init 2 + inc_per_cycle 6 * cycle 59
Transitioning from state Line action Fwd-L, 0b0
FWD_L, rotation_rad 16, init 2 + inc_per_cycle 6 * cycle 60
Transitioning from state Line action Fwd-L, 0b0
FWD_L, rotation_rad 16, init 2 + inc_per_cycle 6 * cycle 61
Transitioning from state Line action Fwd-L, 0b0
FWD_L, rotation_rad 16, init 2 + inc_per_cycle 6 * cycle 62
Transitioning from state Line action Fwd-L, 0b0
FWD_L, rotation_rad 16, init 2 + inc_per_cycle 6 * cycle 63
Transitioning from state Line action Fwd-L, 0b0
FWD_L, rotation_rad 16, init 2 + inc_per_cycle 6 * cycle 64
Transitioning from state Line action Fwd-L, 0b0
FWD_L, rotation_rad 16, init 2 + inc_per_cycle 6 * cycle 65
Transitioning from state Line action Fwd-L, 0b0
FWD_L, rotation_rad 16, init 2 + inc_per_cycle 6 * cycle 66
Transitioning from state Line action Fwd-L, 0b0
FWD_L, rotation_rad 16, init 2 + inc_per_cycle 6 * cycle 67
Transitioning from state Line action Fwd-L, 0b0
FWD_L, rotation_rad 16, init 2 + inc_per_cycle 6 * cycle 68
Transitioning from state Line action Fwd-L, 0b0
FWD_L, rotation_rad 16, init 2 + inc_per_cycle 6 * cycle 69
Transitioning from state Line action Fwd-L, 0b0
FWD_L, rotation_rad 16, init 2 + inc_per_cycle 6 * cycle 70
Transitioning from state Line action Fwd-L, 0b0
FWD_L, rotation_rad 16, init 2 + inc_per_cycle 6 * cycle 71
Transitioning from state Line action Fwd-L, 0b0
FWD_L, rotation_rad 16, init 2 + inc_per_cycle 6 * cycle 72
Transitioning from state Line action Fwd-L, 0b0
FWD_L, rotation_rad 16, init 2 + inc_per_cycle 6 * cycle 73
Transitioning from state Line action Fwd-L, 0b0
FWD_L, rotation_rad 16, init 2 + inc_per_cycle 6 * cycle 74
Transitioning from state Line action Fwd-L, 0b0
FWD_L, rotation_rad 16, init 2 + inc_per_cycle 6 * cycle 75
Transitioning from state Line action Fwd-L, 0b0
FWD_L, rotation_rad 16, init 2 + inc_per_cycle 6 * cycle 76
Transitioning from state Line action Fwd-L, 0b0
FWD_L, rotation_rad 16, init 2 + inc_per_cycle 6 * cycle 77
Transitioning from state Line action Fwd-L, 0b0
FWD_L, rotation_rad 16, init 2 + inc_per_cycle 6 * cycle 78
Transitioning from state Line action Fwd-L, 0b0
FWD_L, rotation_rad 16, init 2 + inc_per_cycle 6 * cycle 79
Transitioning from state Line action Fwd-L, 0b0
FWD_L, rotation_rad 16, init 2 + inc_per_cycle 6 * cycle 80
Transitioning from state Line action Fwd-L, 0b0
FWD_L, rotation_rad 16, init 2 + inc_per_cycle 6 * cycle 81
Transitioning from state Line action Fwd-L, 0b0
FWD_L, rotation_rad 16, init 2 + inc_per_cycle 6 * cycle 82
Transitioning from state Line action Fwd-L, 0b0
FWD_L, rotation_rad 16, init 2 + inc_per_cycle 6 * cycle 83
Transitioning from state Line action Fwd-L, 0b0
FWD_L, rotation_rad 16, init 2 + inc_per_cycle 6 * cycle 84
Transitioning from state Line action Fwd-L, 0b0
FWD_L, rotation_rad 16, init 2 + inc_per_cycle 6 * cycle 85
Transitioning from state Line action Fwd-L, 0b0
FWD_L, rotation_rad 16, init 2 + inc_per_cycle 6 * cycle 86
Transitioning from state Line action Fwd-L, 0b0
FWD_L, rotation_rad 16, init 2 + inc_per_cycle 6 * cycle 87
Transitioning from state Line action Fwd-L, 0b0
FWD_L, rotation_rad 16, init 2 + inc_per_cycle 6 * cycle 88
Transitioning from state Line action Fwd-L, 0b0
FWD_L, rotation_rad 16, init 2 + inc_per_cycle 6 * cycle 89
Transitioning from state Line action Fwd-L, 0b0
FWD_L, rotation_rad 16, init 2 + inc_per_cycle 6 * cycle 90
Transitioning from state Line action Fwd-L, 0b0
FWD_L, rotation_rad 16, init 2 + inc_per_cycle 6 * cycle 91
Transitioning from state Line action Fwd-L, 0b0
FWD_L, rotation_rad 16, init 2 + inc_per_cycle 6 * cycle 92
Transitioning from state Line action Fwd-L, 0b0
FWD_L, rotation_rad 16, init 2 + inc_per_cycle 6 * cycle 93
Transitioning from state Line action Fwd-L, 0b0
FWD_L, rotation_rad 16, init 2 + inc_per_cycle 6 * cycle 94
Transitioning from state Line action Fwd-L, 0b0
FWD_L, rotation_rad 16, init 2 + inc_per_cycle 6 * cycle 95
Transitioning from state Line action Fwd-L, 0b0
FWD_L, rotation_rad 16, init 2 + inc_per_cycle 6 * cycle 96
Transitioning from state Line action Fwd-L, 0b0
FWD_L, rotation_rad 16, init 2 + inc_per_cycle 6 * cycle 97
Transitioning from state Line action Fwd-L, 0b0
FWD_L, rotation_rad 16, init 2 + inc_per_cycle 6 * cycle 98
Transitioning from state Line action Fwd-L, 0b0
FWD_L, rotation_rad 16, init 2 + inc_per_cycle 6 * cycle 99
Transitioning from state Line action Fwd-L, 0b0
FWD_L, rotation_rad 16, init 2 + inc_per_cycle 6 * cycle 100
Transitioning from state Line action Fwd-L, 0b0
FWD_L, rotation_rad 16, init 2 + inc_per_cycle 6 * cycle 101
Transitioning from state Line action Fwd-L, 0b0
FWD_L, rotation_rad 16, init 2 + inc_per_cycle 6 * cycle 102
Transitioning from state Line action Fwd-L, 0b0
FWD_L, rotation_rad 16, init 2 + inc_per_cycle 6 * cycle 103
Transitioning from state Line action Fwd-L, 0b0
FWD_L, rotation_rad 16, init 2 + inc_per_cycle 6 * cycle 104
Transitioning from state Line action Fwd-L, 0b0
FWD_L, rotation_rad 16, init 2 + inc_per_cycle 6 * cycle 105
Transitioning from state Line action Fwd-L, 0b0
FWD_L, rotation_rad 16, init 2 + inc_per_cycle 6 * cycle 106
Transitioning from state Line action Fwd-L, 0b0
FWD_L, rotation_rad 16, init 2 + inc_per_cycle 6 * cycle 107
Transitioning from state Line action Fwd-L, 0b0
FWD_L, rotation_rad 16, init 2 + inc_per_cycle 6 * cycle 108
Transitioning from state Line action Fwd-L, 0b0
FWD_L, rotation_rad 16, init 2 + inc_per_cycle 6 * cycle 109
Transitioning from state Line action Fwd-L, 0b0
FWD_L, rotation_rad 16, init 2 + inc_per_cycle 6 * cycle 110
Transitioning from state Line action Fwd-L, 0b0
FWD_L, rotation_rad 16, init 2 + inc_per_cycle 6 * cycle 111
Transitioning from state Line action Fwd-L, 0b0
FWD_L, rotation_rad 16, init 2 + inc_per_cycle 6 * cycle 112
Transitioning from state Line action Fwd-L, 0b0
FWD_L, rotation_rad 16, init 2 + inc_per_cycle 6 * cycle 113
Transitioning from state Line action Fwd-L, 0b0
FWD_L, rotation_rad 16, init 2 + inc_per_cycle 6 * cycle 114
Transitioning from state Line action Fwd-L, 0b0
FWD_L, rotation_rad 16, init 2 + inc_per_cycle 6 * cycle 115
Transitioning from state Line action Fwd-L, 0b0
FWD_L, rotation_rad 16, init 2 + inc_per_cycle 6 * cycle 116
Transitioning from state Line action Fwd-L, 0b0
FWD_L, rotation_rad 16, init 2 + inc_per_cycle 6 * cycle 117
Transitioning from state Line action Fwd-L, 0b0
FWD_L, rotation_rad 16, init 2 + inc_per_cycle 6 * cycle 118
Transitioning from state Line action Fwd-L, 0b0
FWD_L, rotation_rad 16, init 2 + inc_per_cycle 6 * cycle 119
Transitioning from state Line action Fwd-L, 0b0
FWD_L, rotation_rad 16, init 2 + inc_per_cycle 6 * cycle 120
FWD_L, rotation_rad 16, init 2 + inc_per_cycle 6 * cycle 121
FWD_L, rotation_rad 16, init 2 + inc_per_cycle 6 * cycle 122
FWD_L, rotation_rad 16, init 2 + inc_per_cycle 6 * cycle 123
Transitioning from state Line action Fwd-L, 0b110
FWD_L, rotation_rad 16, init 2 + inc_per_cycle 6 * cycle 124
Transitioning from state Line action Fwd-L, 0b10
Transitioning state Line action Fwd-L to Fwd
FWD, rad 9
Setting left wheel speed_pwm 131
Setting right wheel speed_pwm 132
Transitioning from state Line action Fwd, 0b1
Transitioning state Line action Fwd to Fwd-R
FWD_R, rotation_rad 14, init 2 + inc_per_cycle 6 * cycle 2
Setting left wheel speed_pwm 113
Setting right wheel speed_pwm 43
FWD_R, rotation_rad 16, init 2 + inc_per_cycle 6 * cycle 3
Setting left wheel speed_pwm 118
Setting right wheel speed_pwm 38
Transitioning from state Line action Fwd-R, 0b0
FWD_R, rotation_rad 16, init 2 + inc_per_cycle 6 * cycle 4
Transitioning from state Line action Fwd-R, 0b0
FWD_R, rotation_rad 16, init 2 + inc_per_cycle 6 * cycle 5
Transitioning from state Line action Fwd-R, 0b0
FWD_R, rotation_rad 16, init 2 + inc_per_cycle 6 * cycle 6
Transitioning from state Line action Fwd-R, 0b0
FWD_R, rotation_rad 16, init 2 + inc_per_cycle 6 * cycle 7
Transitioning from state Line action Fwd-R, 0b0
FWD_R, rotation_rad 16, init 2 + inc_per_cycle 6 * cycle 8
Transitioning from state Line action Fwd-R, 0b0
FWD_R, rotation_rad 16, init 2 + inc_per_cycle 6 * cycle 9
Transitioning from state Line action Fwd-R, 0b0
FWD_R, rotation_rad 16, init 2 + inc_per_cycle 6 * cycle 10
Transitioning from state Line action Fwd-R, 0b0
FWD_R, rotation_rad 16, init 2 + inc_per_cycle 6 * cycle 11
Transitioning from state Line action Fwd-R, 0b0
FWD_R, rotation_rad 16, init 2 + inc_per_cycle 6 * cycle 12
Transitioning from state Line action Fwd-R, 0b0
FWD_R, rotation_rad 16, init 2 + inc_per_cycle 6 * cycle 13
Transitioning from state Line action Fwd-R, 0b0
FWD_R, rotation_rad 16, init 2 + inc_per_cycle 6 * cycle 14
Transitioning from state Line action Fwd-R, 0b0
FWD_R, rotation_rad 16, init 2 + inc_per_cycle 6 * cycle 15
Transitioning from state Line action Fwd-R, 0b0
FWD_R, rotation_rad 16, init 2 + inc_per_cycle 6 * cycle 16
Transitioning from state Line action Fwd-R, 0b0
FWD_R, rotation_rad 16, init 2 + inc_per_cycle 6 * cycle 17
Transitioning from state Line action Fwd-R, 0b0
FWD_R, rotation_rad 16, init 2 + inc_per_cycle 6 * cycle 18
Transitioning from state Line action Fwd-R, 0b0
FWD_R, rotation_rad 16, init 2 + inc_per_cycle 6 * cycle 19
Transitioning from state Line action Fwd-R, 0b0
FWD_R, rotation_rad 16, init 2 + inc_per_cycle 6 * cycle 20
Transitioning from state Line action Fwd-R, 0b0
FWD_R, rotation_rad 16, init 2 + inc_per_cycle 6 * cycle 21
Transitioning from state Line action Fwd-R, 0b0
FWD_R, rotation_rad 16, init 2 + inc_per_cycle 6 * cycle 22
Transitioning from state Line action Fwd-R, 0b0
FWD_R, rotation_rad 16, init 2 + inc_per_cycle 6 * cycle 23
Transitioning from state Line action Fwd-R, 0b0
FWD_R, rotation_rad 16, init 2 + inc_per_cycle 6 * cycle 24
Transitioning from state Line action Fwd-R, 0b0
FWD_R, rotation_rad 16, init 2 + inc_per_cycle 6 * cycle 25
Transitioning from state Line action Fwd-R, 0b0
FWD_R, rotation_rad 16, init 2 + inc_per_cycle 6 * cycle 26
Transitioning from state Line action Fwd-R, 0b0
FWD_R, rotation_rad 16, init 2 + inc_per_cycle 6 * cycle 27
FWD_R, rotation_rad 16, init 2 + inc_per_cycle 6 * cycle 28
FWD_R, rotation_rad 16, init 2 + inc_per_cycle 6 * cycle 29
FWD_R, rotation_rad 16, init 2 + inc_per_cycle 6 * cycle 30
FWD_R, rotation_rad 16, init 2 + inc_per_cycle 6 * cycle 31
Transitioning from state Line action Fwd-R, 0b0
FWD_R, rotation_rad 16, init 2 + inc_per_cycle 6 * cycle 32
Transitioning from state Line action Fwd-R, 0b10
Transitioning state Line action Fwd-R to Fwd
FWD, rad 9
Setting left wheel speed_pwm 131
Setting right wheel speed_pwm 132
FWD, rad 9
FWD, rad 9
FWD, rad 9
FWD, rad 9
FWD, rad 9
FWD, rad 9
FWD, rad 9
FWD, rad 9
FWD, rad 9
Transitioning from state Line action Fwd, 0b0
FWD, rad 9
Transitioning from state Line action Fwd, 0b1
Transitioning state Line action Fwd to Fwd-R
FWD_R, rotation_rad 14, init 2 + inc_per_cycle 6 * cycle 2
Setting left wheel speed_pwm 113
Setting right wheel speed_pwm 43
FWD_R, rotation_rad 16, init 2 + inc_per_cycle 6 * cycle 3
Setting left wheel speed_pwm 118
Setting right wheel speed_pwm 38
FWD_R, rotation_rad 16, init 2 + inc_per_cycle 6 * cycle 4
FWD_R, rotation_rad 16, init 2 + inc_per_cycle 6 * cycle 5
FWD_R, rotation_rad 16, init 2 + inc_per_cycle 6 * cycle 6
FWD_R, rotation_rad 16, init 2 + inc_per_cycle 6 * cycle 7
FWD_R, rotation_rad 16, init 2 + inc_per_cycle 6 * cycle 8
FWD_R, rotation_rad 16, init 2 + inc_per_cycle 6 * cycle 9
FWD_R, rotation_rad 16, init 2 + inc_per_cycle 6 * cycle 10
FWD_R, rotation_rad 16, init 2 + inc_per_cycle 6 * cycle 11
FWD_R, rotation_rad 16, init 2 + inc_per_cycle 6 * cycle 12
FWD_R, rotation_rad 16, init 2 + inc_per_cycle 6 * cycle 13
FWD_R, rotation_rad 16, init 2 + inc_per_cycle 6 * cycle 14
FWD_R, rotation_rad 16, init 2 + inc_per_cycle 6 * cycle 15
FWD_R, rotation_rad 16, init 2 + inc_per_cycle 6 * cycle 16
FWD_R, rotation_rad 16, init 2 + inc_per_cycle 6 * cycle 17
FWD_R, rotation_rad 16, init 2 + inc_per_cycle 6 * cycle 18
FWD_R, rotation_rad 16, init 2 + inc_per_cycle 6 * cycle 19
FWD_R, rotation_rad 16, init 2 + inc_per_cycle 6 * cycle 20
Transitioning from state Line action Fwd-R, 0b0
FWD_R, rotation_rad 16, init 2 + inc_per_cycle 6 * cycle 21
Transitioning from state Line action Fwd-R, 0b0
FWD_R, rotation_rad 16, init 2 + inc_per_cycle 6 * cycle 22
Transitioning from state Line action Fwd-R, 0b10
Transitioning state Line action Fwd-R to Fwd
FWD, rad 9
Setting left wheel speed_pwm 131
Setting right wheel speed_pwm 132
FWD, rad 9
FWD, rad 9
FWD, rad 9
FWD, rad 9
FWD, rad 9
Transitioning from state Line action Fwd, 0b0
FWD, rad 9
Transitioning from state Line action Fwd, 0b0
FWD, rad 9
Transitioning from state Line action Fwd, 0b1
Transitioning state Line action Fwd to Fwd-R
FWD_R, rotation_rad 14, init 2 + inc_per_cycle 6 * cycle 2
Setting left wheel speed_pwm 113
Setting right wheel speed_pwm 43
FWD_R, rotation_rad 16, init 2 + inc_per_cycle 6 * cycle 3
Setting left wheel speed_pwm 118
Setting right wheel speed_pwm 38
FWD_R, rotation_rad 16, init 2 + inc_per_cycle 6 * cycle 4
FWD_R, rotation_rad 16, init 2 + inc_per_cycle 6 * cycle 5
FWD_R, rotation_rad 16, init 2 + inc_per_cycle 6 * cycle 6
FWD_R, rotation_rad 16, init 2 + inc_per_cycle 6 * cycle 7
FWD_R, rotation_rad 16, init 2 + inc_per_cycle 6 * cycle 8
FWD_R, rotation_rad 16, init 2 + inc_per_cycle 6 * cycle 9
FWD_R, rotation_rad 16, init 2 + inc_per_cycle 6 * cycle 10
FWD_R, rotation_rad 16, init 2 + inc_per_cycle 6 * cycle 11
FWD_R, rotation_rad 16, init 2 + inc_per_cycle 6 * cycle 12
FWD_R, rotation_rad 16, init 2 + inc_per_cycle 6 * cycle 13
FWD_R, rotation_rad 16, init 2 + inc_per_cycle 6 * cycle 14
Transitioning from state Line action Fwd-R, 0b0
FWD_R, rotation_rad 16, init 2 + inc_per_cycle 6 * cycle 15
Transitioning from state Line action Fwd-R, 0b0
FWD_R, rotation_rad 16, init 2 + inc_per_cycle 6 * cycle 16
Transitioning from state Line action Fwd-R, 0b10
Transitioning state Line action Fwd-R to Fwd
FWD, rad 9
Setting left wheel speed_pwm 131
Setting right wheel speed_pwm 132
FWD, rad 9
FWD, rad 9
FWD, rad 9
FWD, rad 9
FWD, rad 9
FWD, rad 9
FWD, rad 9
Transitioning from state Line action Fwd, 0b0
FWD, rad 9
Transitioning from state Line action Fwd, 0b100
Transitioning state Line action Fwd to Fwd-L
Setting left wheel speed_pwm 47
Setting right wheel speed_pwm 114
FWD_L, rotation_rad 14, init 2 + inc_per_cycle 6 * cycle 2
Setting left wheel speed_pwm 43
Setting right wheel speed_pwm 119
FWD_L, rotation_rad 16, init 2 + inc_per_cycle 6 * cycle 3
FWD_L, rotation_rad 16, init 2 + inc_per_cycle 6 * cycle 4
FWD_L, rotation_rad 16, init 2 + inc_per_cycle 6 * cycle 5
Transitioning from state Line action Fwd-L, 0b0
FWD_L, rotation_rad 16, init 2 + inc_per_cycle 6 * cycle 6
Transitioning from state Line action Fwd-L, 0b10
Transitioning state Line action Fwd-L to Fwd
FWD, rad 9
Setting left wheel speed_pwm 131
Setting right wheel speed_pwm 132
FWD, rad 9
FWD, rad 9
FWD, rad 9
FWD, rad 9
FWD, rad 9
FWD, rad 9
FWD, rad 9
Transitioning from state Line action Fwd, 0b1
Transitioning state Line action Fwd to Fwd-R
FWD_R, rotation_rad 14, init 2 + inc_per_cycle 6 * cycle 2
Setting left wheel speed_pwm 113
Setting right wheel speed_pwm 43
FWD_R, rotation_rad 16, init 2 + inc_per_cycle 6 * cycle 3
Setting left wheel speed_pwm 118
Setting right wheel speed_pwm 38
FWD_R, rotation_rad 16, init 2 + inc_per_cycle 6 * cycle 4
FWD_R, rotation_rad 16, init 2 + inc_per_cycle 6 * cycle 5
FWD_R, rotation_rad 16, init 2 + inc_per_cycle 6 * cycle 6
Transitioning from state Line action Fwd-R, 0b10
Transitioning state Line action Fwd-R to Fwd
FWD, rad 9
Setting left wheel speed_pwm 131
Setting right wheel speed_pwm 132
FWD, rad 9
FWD, rad 9
FWD, rad 9
FWD, rad 9
Transitioning from state Line action Fwd, 0b1
Transitioning state Line action Fwd to Fwd-R
FWD_R, rotation_rad 14, init 2 + inc_per_cycle 6 * cycle 2
Setting left wheel speed_pwm 113
Setting right wheel speed_pwm 43
FWD_R, rotation_rad 16, init 2 + inc_per_cycle 6 * cycle 3
Setting left wheel speed_pwm 118
Setting right wheel speed_pwm 38
FWD_R, rotation_rad 16, init 2 + inc_per_cycle 6 * cycle 4
FWD_R, rotation_rad 16, init 2 + inc_per_cycle 6 * cycle 5
FWD_R, rotation_rad 16, init 2 + inc_per_cycle 6 * cycle 6
FWD_R, rotation_rad 16, init 2 + inc_per_cycle 6 * cycle 7
FWD_R, rotation_rad 16, init 2 + inc_per_cycle 6 * cycle 8
FWD_R, rotation_rad 16, init 2 + inc_per_cycle 6 * cycle 9
FWD_R, rotation_rad 16, init 2 + inc_per_cycle 6 * cycle 10
FWD_R, rotation_rad 16, init 2 + inc_per_cycle 6 * cycle 11
Transitioning from state Line action Fwd-R, 0b0
FWD_R, rotation_rad 16, init 2 + inc_per_cycle 6 * cycle 12
Transitioning from state Line action Fwd-R, 0b0
FWD_R, rotation_rad 16, init 2 + inc_per_cycle 6 * cycle 13
Transitioning from state Line action Fwd-R, 0b0
FWD_R, rotation_rad 16, init 2 + inc_per_cycle 6 * cycle 14
Transitioning from state Line action Fwd-R, 0b0
FWD_R, rotation_rad 16, init 2 + inc_per_cycle 6 * cycle 15
Transitioning from state Line action Fwd-R, 0b0
FWD_R, rotation_rad 16, init 2 + inc_per_cycle 6 * cycle 16
FWD_R, rotation_rad 16, init 2 + inc_per_cycle 6 * cycle 17
FWD_R, rotation_rad 16, init 2 + inc_per_cycle 6 * cycle 18
Transitioning from state Line action Fwd-R, 0b0
FWD_R, rotation_rad 16, init 2 + inc_per_cycle 6 * cycle 19
Transitioning from state Line action Fwd-R, 0b0
FWD_R, rotation_rad 16, init 2 + inc_per_cycle 6 * cycle 20
Transitioning from state Line action Fwd-R, 0b0
FWD_R, rotation_rad 16, init 2 + inc_per_cycle 6 * cycle 21
Transitioning from state Line action Fwd-R, 0b0
FWD_R, rotation_rad 16, init 2 + inc_per_cycle 6 * cycle 22
Transitioning from state Line action Fwd-R, 0b0
FWD_R, rotation_rad 16, init 2 + inc_per_cycle 6 * cycle 23
FWD_R, rotation_rad 16, init 2 + inc_per_cycle 6 * cycle 24
FWD_R, rotation_rad 16, init 2 + inc_per_cycle 6 * cycle 25
FWD_R, rotation_rad 16, init 2 + inc_per_cycle 6 * cycle 26
FWD_R, rotation_rad 16, init 2 + inc_per_cycle 6 * cycle 27
FWD_R, rotation_rad 16, init 2 + inc_per_cycle 6 * cycle 28
FWD_R, rotation_rad 16, init 2 + inc_per_cycle 6 * cycle 29
FWD_R, rotation_rad 16, init 2 + inc_per_cycle 6 * cycle 30
FWD_R, rotation_rad 16, init 2 + inc_per_cycle 6 * cycle 31
FWD_R, rotation_rad 16, init 2 + inc_per_cycle 6 * cycle 32
FWD_R, rotation_rad 16, init 2 + inc_per_cycle 6 * cycle 33
FWD_R, rotation_rad 16, init 2 + inc_per_cycle 6 * cycle 34
FWD_R, rotation_rad 16, init 2 + inc_per_cycle 6 * cycle 35
FWD_R, rotation_rad 16, init 2 + inc_per_cycle 6 * cycle 36
FWD_R, rotation_rad 16, init 2 + inc_per_cycle 6 * cycle 37
FWD_R, rotation_rad 16, init 2 + inc_per_cycle 6 * cycle 38
FWD_R, rotation_rad 16, init 2 + inc_per_cycle 6 * cycle 39
FWD_R, rotation_rad 16, init 2 + inc_per_cycle 6 * cycle 40
FWD_R, rotation_rad 16, init 2 + inc_per_cycle 6 * cycle 41
Transitioning from state Line action Fwd-R, 0b10
Transitioning state Line action Fwd-R to Fwd
FWD, rad 9
Setting left wheel speed_pwm 131
Setting right wheel speed_pwm 132
FWD, rad 9
FWD, rad 9
FWD, rad 9
FWD, rad 9
FWD, rad 9
FWD, rad 9
FWD, rad 9
FWD, rad 9
FWD, rad 9
FWD, rad 9
Transitioning from state Line action Fwd, 0b1
Transitioning state Line action Fwd to Fwd-R
FWD_R, rotation_rad 14, init 2 + inc_per_cycle 6 * cycle 2
Setting left wheel speed_pwm 113
Setting right wheel speed_pwm 43
FWD_R, rotation_rad 16, init 2 + inc_per_cycle 6 * cycle 3
Setting left wheel speed_pwm 118
Setting right wheel speed_pwm 38
FWD_R, rotation_rad 16, init 2 + inc_per_cycle 6 * cycle 4
FWD_R, rotation_rad 16, init 2 + inc_per_cycle 6 * cycle 5
FWD_R, rotation_rad 16, init 2 + inc_per_cycle 6 * cycle 6
FWD_R, rotation_rad 16, init 2 + inc_per_cycle 6 * cycle 7
FWD_R, rotation_rad 16, init 2 + inc_per_cycle 6 * cycle 8
Transitioning from state Line action Fwd-R, 0b0
FWD_R, rotation_rad 16, init 2 + inc_per_cycle 6 * cycle 9
Transitioning from state Line action Fwd-R, 0b10
Transitioning state Line action Fwd-R to Fwd
FWD, rad 9
Setting left wheel speed_pwm 131
Setting right wheel speed_pwm 132
FWD, rad 9
FWD, rad 9
FWD, rad 9
FWD, rad 9
FWD, rad 9
FWD, rad 9
FWD, rad 9
Transitioning from state Line action Fwd, 0b0
FWD, rad 9
Transitioning from state Line action Fwd, 0b0
FWD, rad 9
Transitioning from state Line action Fwd, 0b0
FWD, rad 9
Transitioning from state Line action Fwd, 0b1
Transitioning state Line action Fwd to Fwd-R
FWD_R, rotation_rad 14, init 2 + inc_per_cycle 6 * cycle 2
Setting left wheel speed_pwm 113
Setting right wheel speed_pwm 43
FWD_R, rotation_rad 16, init 2 + inc_per_cycle 6 * cycle 3
Setting left wheel speed_pwm 118
Setting right wheel speed_pwm 38
FWD_R, rotation_rad 16, init 2 + inc_per_cycle 6 * cycle 4
Transitioning from state Line action Fwd-R, 0b0
FWD_R, rotation_rad 16, init 2 + inc_per_cycle 6 * cycle 5
Transitioning from state Line action Fwd-R, 0b10
Transitioning state Line action Fwd-R to Fwd
FWD, rad 9
Setting left wheel speed_pwm 131
Setting right wheel speed_pwm 132
FWD, rad 9
FWD, rad 9
FWD, rad 9
FWD, rad 9
FWD, rad 9
FWD, rad 9
FWD, rad 9
FWD, rad 9
FWD, rad 9
FWD, rad 9
FWD, rad 9
FWD, rad 9
FWD, rad 9
FWD, rad 9
FWD, rad 9
FWD, rad 9
FWD, rad 9
FWD, rad 9
FWD, rad 9
FWD, rad 9
FWD, rad 9
FWD, rad 9
FWD, rad 9
FWD, rad 9
FWD, rad 9
FWD, rad 9
FWD, rad 9
FWD, rad 9
FWD, rad 9
FWD, rad 9
FWD, rad 9
FWD, rad 9
FWD, rad 9
FWD, rad 9
FWD, rad 9
FWD, rad 9
FWD, rad 9
FWD, rad 9
FWD, rad 9
FWD, rad 9
FWD, rad 9
FWD, rad 9
FWD, rad 9
Transitioning from state Line action Fwd, 0b1
Transitioning state Line action Fwd to Fwd-R
FWD_R, rotation_rad 14, init 2 + inc_per_cycle 6 * cycle 2
Setting left wheel speed_pwm 113
Setting right wheel speed_pwm 43
FWD_R, rotation_rad 16, init 2 + inc_per_cycle 6 * cycle 3
Setting left wheel speed_pwm 118
Setting right wheel speed_pwm 38
FWD_R, rotation_rad 16, init 2 + inc_per_cycle 6 * cycle 4
FWD_R, rotation_rad 16, init 2 + inc_per_cycle 6 * cycle 5
FWD_R, rotation_rad 16, init 2 + inc_per_cycle 6 * cycle 6
FWD_R, rotation_rad 16, init 2 + inc_per_cycle 6 * cycle 7
FWD_R, rotation_rad 16, init 2 + inc_per_cycle 6 * cycle 8
FWD_R, rotation_rad 16, init 2 + inc_per_cycle 6 * cycle 9
FWD_R, rotation_rad 16, init 2 + inc_per_cycle 6 * cycle 10
FWD_R, rotation_rad 16, init 2 + inc_per_cycle 6 * cycle 11
FWD_R, rotation_rad 16, init 2 + inc_per_cycle 6 * cycle 12
FWD_R, rotation_rad 16, init 2 + inc_per_cycle 6 * cycle 13
FWD_R, rotation_rad 16, init 2 + inc_per_cycle 6 * cycle 14
FWD_R, rotation_rad 16, init 2 + inc_per_cycle 6 * cycle 15
FWD_R, rotation_rad 16, init 2 + inc_per_cycle 6 * cycle 16
FWD_R, rotation_rad 16, init 2 + inc_per_cycle 6 * cycle 17
FWD_R, rotation_rad 16, init 2 + inc_per_cycle 6 * cycle 18
FWD_R, rotation_rad 16, init 2 + inc_per_cycle 6 * cycle 19
FWD_R, rotation_rad 16, init 2 + inc_per_cycle 6 * cycle 20
FWD_R, rotation_rad 16, init 2 + inc_per_cycle 6 * cycle 21
Transitioning from state Line action Fwd-R, 0b10
Transitioning state Line action Fwd-R to Fwd
FWD, rad 9
Setting left wheel speed_pwm 131
Setting right wheel speed_pwm 132
FWD, rad 9
FWD, rad 9
Transitioning from state Line action Fwd, 0b11
FWD, rad 9
Transitioning from state Line action Fwd, 0b1
Transitioning state Line action Fwd to Fwd-R
FWD_R, rotation_rad 14, init 2 + inc_per_cycle 6 * cycle 2
Setting left wheel speed_pwm 113
Setting right wheel speed_pwm 43
FWD_R, rotation_rad 16, init 2 + inc_per_cycle 6 * cycle 3
Setting left wheel speed_pwm 118
Setting right wheel speed_pwm 38
FWD_R, rotation_rad 16, init 2 + inc_per_cycle 6 * cycle 4
FWD_R, rotation_rad 16, init 2 + inc_per_cycle 6 * cycle 5
FWD_R, rotation_rad 16, init 2 + inc_per_cycle 6 * cycle 6
FWD_R, rotation_rad 16, init 2 + inc_per_cycle 6 * cycle 7
FWD_R, rotation_rad 16, init 2 + inc_per_cycle 6 * cycle 8
FWD_R, rotation_rad 16, init 2 + inc_per_cycle 6 * cycle 9
FWD_R, rotation_rad 16, init 2 + inc_per_cycle 6 * cycle 10
Transitioning from state Line action Fwd-R, 0b10
Transitioning state Line action Fwd-R to Fwd
FWD, rad 9
Setting left wheel speed_pwm 131
Setting right wheel speed_pwm 132
FWD, rad 9
FWD, rad 9
Transitioning from state Line action Fwd, 0b1
Transitioning state Line action Fwd to Fwd-R
FWD_R, rotation_rad 14, init 2 + inc_per_cycle 6 * cycle 2
Setting left wheel speed_pwm 113
Setting right wheel speed_pwm 43
FWD_R, rotation_rad 16, init 2 + inc_per_cycle 6 * cycle 3
Setting left wheel speed_pwm 118
Setting right wheel speed_pwm 38
FWD_R, rotation_rad 16, init 2 + inc_per_cycle 6 * cycle 4
FWD_R, rotation_rad 16, init 2 + inc_per_cycle 6 * cycle 5
FWD_R, rotation_rad 16, init 2 + inc_per_cycle 6 * cycle 6
FWD_R, rotation_rad 16, init 2 + inc_per_cycle 6 * cycle 7
FWD_R, rotation_rad 16, init 2 + inc_per_cycle 6 * cycle 8
FWD_R, rotation_rad 16, init 2 + inc_per_cycle 6 * cycle 9
FWD_R, rotation_rad 16, init 2 + inc_per_cycle 6 * cycle 10
FWD_R, rotation_rad 16, init 2 + inc_per_cycle 6 * cycle 11
Transitioning from state Line action Fwd-R, 0b0
FWD_R, rotation_rad 16, init 2 + inc_per_cycle 6 * cycle 12
Transitioning from state Line action Fwd-R, 0b0
FWD_R, rotation_rad 16, init 2 + inc_per_cycle 6 * cycle 13
Transitioning from state Line action Fwd-R, 0b10
Transitioning state Line action Fwd-R to Fwd
FWD, rad 9
Setting left wheel speed_pwm 131
Setting right wheel speed_pwm 132
FWD, rad 9
Transitioning from state Line action Fwd, 0b0
FWD, rad 9
Transitioning from state Line action Fwd, 0b1
Transitioning state Line action Fwd to Fwd-R
FWD_R, rotation_rad 14, init 2 + inc_per_cycle 6 * cycle 2
Setting left wheel speed_pwm 113
Setting right wheel speed_pwm 43
FWD_R, rotation_rad 16, init 2 + inc_per_cycle 6 * cycle 3
Setting left wheel speed_pwm 118
Setting right wheel speed_pwm 38
FWD_R, rotation_rad 16, init 2 + inc_per_cycle 6 * cycle 4
FWD_R, rotation_rad 16, init 2 + inc_per_cycle 6 * cycle 5
FWD_R, rotation_rad 16, init 2 + inc_per_cycle 6 * cycle 6
FWD_R, rotation_rad 16, init 2 + inc_per_cycle 6 * cycle 7
FWD_R, rotation_rad 16, init 2 + inc_per_cycle 6 * cycle 8
Transitioning from state Line action Fwd-R, 0b0
FWD_R, rotation_rad 16, init 2 + inc_per_cycle 6 * cycle 9
Transitioning from state Line action Fwd-R, 0b10
Transitioning state Line action Fwd-R to Fwd
FWD, rad 9
Setting left wheel speed_pwm 131
Setting right wheel speed_pwm 132
FWD, rad 9
FWD, rad 9
FWD, rad 9
FWD, rad 9
Transitioning from state Line action Fwd, 0b1
Transitioning state Line action Fwd to Fwd-R
FWD_R, rotation_rad 14, init 2 + inc_per_cycle 6 * cycle 2
Setting left wheel speed_pwm 113
Setting right wheel speed_pwm 43
FWD_R, rotation_rad 16, init 2 + inc_per_cycle 6 * cycle 3
Setting left wheel speed_pwm 118
Setting right wheel speed_pwm 38
FWD_R, rotation_rad 16, init 2 + inc_per_cycle 6 * cycle 4
FWD_R, rotation_rad 16, init 2 + inc_per_cycle 6 * cycle 5
FWD_R, rotation_rad 16, init 2 + inc_per_cycle 6 * cycle 6
Transitioning from state Line action Fwd-R, 0b0
FWD_R, rotation_rad 16, init 2 + inc_per_cycle 6 * cycle 7
Transitioning from state Line action Fwd-R, 0b10
Transitioning state Line action Fwd-R to Fwd
FWD, rad 9
Setting left wheel speed_pwm 131
Setting right wheel speed_pwm 132
FWD, rad 9
FWD, rad 9
FWD, rad 9
FWD, rad 9
FWD, rad 9
Transitioning from state Line action Fwd, 0b1
Transitioning state Line action Fwd to Fwd-R
FWD_R, rotation_rad 14, init 2 + inc_per_cycle 6 * cycle 2
Setting left wheel speed_pwm 113
Setting right wheel speed_pwm 43
FWD_R, rotation_rad 16, init 2 + inc_per_cycle 6 * cycle 3
Setting left wheel speed_pwm 118
Setting right wheel speed_pwm 38
FWD_R, rotation_rad 16, init 2 + inc_per_cycle 6 * cycle 4
FWD_R, rotation_rad 16, init 2 + inc_per_cycle 6 * cycle 5
FWD_R, rotation_rad 16, init 2 + inc_per_cycle 6 * cycle 6
FWD_R, rotation_rad 16, init 2 + inc_per_cycle 6 * cycle 7
Transitioning from state Line action Fwd-R, 0b10
Transitioning state Line action Fwd-R to Fwd
FWD, rad 9
Setting left wheel speed_pwm 131
Setting right wheel speed_pwm 132
FWD, rad 9
FWD, rad 9
FWD, rad 9
FWD, rad 9
Transitioning from state Line action Fwd, 0b1
Transitioning state Line action Fwd to Fwd-R
FWD_R, rotation_rad 14, init 2 + inc_per_cycle 6 * cycle 2
Setting left wheel speed_pwm 113
Setting right wheel speed_pwm 43
FWD_R, rotation_rad 16, init 2 + inc_per_cycle 6 * cycle 3
Setting left wheel speed_pwm 118
Setting right wheel speed_pwm 38
FWD_R, rotation_rad 16, init 2 + inc_per_cycle 6 * cycle 4
FWD_R, rotation_rad 16, init 2 + inc_per_cycle 6 * cycle 5
FWD_R, rotation_rad 16, init 2 + inc_per_cycle 6 * cycle 6
FWD_R, rotation_rad 16, init 2 + inc_per_cycle 6 * cycle 7
FWD_R, rotation_rad 16, init 2 + inc_per_cycle 6 * cycle 8
FWD_R, rotation_rad 16, init 2 + inc_per_cycle 6 * cycle 9
Transitioning from state Line action Fwd-R, 0b0
FWD_R, rotation_rad 16, init 2 + inc_per_cycle 6 * cycle 10
Transitioning from state Line action Fwd-R, 0b10
Transitioning state Line action Fwd-R to Fwd
FWD, rad 9
Setting left wheel speed_pwm 131
Setting right wheel speed_pwm 132
FWD, rad 9
FWD, rad 9
Transitioning from state Line action Fwd, 0b1
Transitioning state Line action Fwd to Fwd-R
FWD_R, rotation_rad 14, init 2 + inc_per_cycle 6 * cycle 2
Setting left wheel speed_pwm 113
Setting right wheel speed_pwm 43
FWD_R, rotation_rad 16, init 2 + inc_per_cycle 6 * cycle 3
Setting left wheel speed_pwm 118
Setting right wheel speed_pwm 38
FWD_R, rotation_rad 16, init 2 + inc_per_cycle 6 * cycle 4
FWD_R, rotation_rad 16, init 2 + inc_per_cycle 6 * cycle 5
FWD_R, rotation_rad 16, init 2 + inc_per_cycle 6 * cycle 6
Transitioning from state Line action Fwd-R, 0b10
Transitioning state Line action Fwd-R to Fwd
FWD, rad 9
Setting left wheel speed_pwm 131
Setting right wheel speed_pwm 132
FWD, rad 9
FWD, rad 9
FWD, rad 9
Transitioning from state Line action Fwd, 0b0
FWD, rad 9
Transitioning from state Line action Fwd, 0b1
Transitioning state Line action Fwd to Fwd-R
FWD_R, rotation_rad 14, init 2 + inc_per_cycle 6 * cycle 2
Setting left wheel speed_pwm 113
Setting right wheel speed_pwm 43
FWD_R, rotation_rad 16, init 2 + inc_per_cycle 6 * cycle 3
Setting left wheel speed_pwm 118
Setting right wheel speed_pwm 38
FWD_R, rotation_rad 16, init 2 + inc_per_cycle 6 * cycle 4
FWD_R, rotation_rad 16, init 2 + inc_per_cycle 6 * cycle 5
Transitioning from state Line action Fwd-R, 0b10
Transitioning state Line action Fwd-R to Fwd
FWD, rad 9
Setting left wheel speed_pwm 131
Setting right wheel speed_pwm 132
FWD, rad 9
FWD, rad 9
FWD, rad 9
FWD, rad 9
FWD, rad 9
FWD, rad 9
FWD, rad 9
FWD, rad 9
Transitioning from state Line action Fwd, 0b1
Transitioning state Line action Fwd to Fwd-R
FWD_R, rotation_rad 14, init 2 + inc_per_cycle 6 * cycle 2
Setting left wheel speed_pwm 113
Setting right wheel speed_pwm 43
FWD_R, rotation_rad 16, init 2 + inc_per_cycle 6 * cycle 3
Setting left wheel speed_pwm 118
Setting right wheel speed_pwm 38
FWD_R, rotation_rad 16, init 2 + inc_per_cycle 6 * cycle 4
FWD_R, rotation_rad 16, init 2 + inc_per_cycle 6 * cycle 5
Transitioning from state Line action Fwd-R, 0b10
Transitioning state Line action Fwd-R to Fwd
FWD, rad 9
Setting left wheel speed_pwm 131
Setting right wheel speed_pwm 132
FWD, rad 9
FWD, rad 9
FWD, rad 9
FWD, rad 9
FWD, rad 9
FWD, rad 9
FWD, rad 9
FWD, rad 9
FWD, rad 9
FWD, rad 9
FWD, rad 9
FWD, rad 9
FWD, rad 9
FWD, rad 9
FWD, rad 9
FWD, rad 9
FWD, rad 9
FWD, rad 9
FWD, rad 9
FWD, rad 9
FWD, rad 9
FWD, rad 9
FWD, rad 9
Transitioning from state Line action Fwd, 0b100
Transitioning state Line action Fwd to Fwd-L
Setting left wheel speed_pwm 47
Setting right wheel speed_pwm 114
FWD_L, rotation_rad 14, init 2 + inc_per_cycle 6 * cycle 2
Setting left wheel speed_pwm 43
Setting right wheel speed_pwm 119
FWD_L, rotation_rad 16, init 2 + inc_per_cycle 6 * cycle 3
FWD_L, rotation_rad 16, init 2 + inc_per_cycle 6 * cycle 4
FWD_L, rotation_rad 16, init 2 + inc_per_cycle 6 * cycle 5
FWD_L, rotation_rad 16, init 2 + inc_per_cycle 6 * cycle 6
FWD_L, rotation_rad 16, init 2 + inc_per_cycle 6 * cycle 7
FWD_L, rotation_rad 16, init 2 + inc_per_cycle 6 * cycle 8
FWD_L, rotation_rad 16, init 2 + inc_per_cycle 6 * cycle 9
FWD_L, rotation_rad 16, init 2 + inc_per_cycle 6 * cycle 10
FWD_L, rotation_rad 16, init 2 + inc_per_cycle 6 * cycle 11
Transitioning from state Line action Fwd-L, 0b10
Transitioning state Line action Fwd-L to Fwd
FWD, rad 9
Setting left wheel speed_pwm 131
Setting right wheel speed_pwm 132
FWD, rad 9
FWD, rad 9
FWD, rad 9
FWD, rad 9
FWD, rad 9
Transitioning from state Line action Fwd, 0b100
Transitioning state Line action Fwd to Fwd-L
Setting left wheel speed_pwm 47
Setting right wheel speed_pwm 114
FWD_L, rotation_rad 14, init 2 + inc_per_cycle 6 * cycle 2
Setting left wheel speed_pwm 43
Setting right wheel speed_pwm 119
FWD_L, rotation_rad 16, init 2 + inc_per_cycle 6 * cycle 3
FWD_L, rotation_rad 16, init 2 + inc_per_cycle 6 * cycle 4
FWD_L, rotation_rad 16, init 2 + inc_per_cycle 6 * cycle 5
FWD_L, rotation_rad 16, init 2 + inc_per_cycle 6 * cycle 6
FWD_L, rotation_rad 16, init 2 + inc_per_cycle 6 * cycle 7
FWD_L, rotation_rad 16, init 2 + inc_per_cycle 6 * cycle 8
FWD_L, rotation_rad 16, init 2 + inc_per_cycle 6 * cycle 9
FWD_L, rotation_rad 16, init 2 + inc_per_cycle 6 * cycle 10
FWD_L, rotation_rad 16, init 2 + inc_per_cycle 6 * cycle 11
FWD_L, rotation_rad 16, init 2 + inc_per_cycle 6 * cycle 12
FWD_L, rotation_rad 16, init 2 + inc_per_cycle 6 * cycle 13
FWD_L, rotation_rad 16, init 2 + inc_per_cycle 6 * cycle 14
FWD_L, rotation_rad 16, init 2 + inc_per_cycle 6 * cycle 15
FWD_L, rotation_rad 16, init 2 + inc_per_cycle 6 * cycle 16
FWD_L, rotation_rad 16, init 2 + inc_per_cycle 6 * cycle 17
FWD_L, rotation_rad 16, init 2 + inc_per_cycle 6 * cycle 18
FWD_L, rotation_rad 16, init 2 + inc_per_cycle 6 * cycle 19
FWD_L, rotation_rad 16, init 2 + inc_per_cycle 6 * cycle 20
FWD_L, rotation_rad 16, init 2 + inc_per_cycle 6 * cycle 21
FWD_L, rotation_rad 16, init 2 + inc_per_cycle 6 * cycle 22
Transitioning from state Line action Fwd-L, 0b110
FWD_L, rotation_rad 16, init 2 + inc_per_cycle 6 * cycle 23
Transitioning from state Line action Fwd-L, 0b10
Transitioning state Line action Fwd-L to Fwd
FWD, rad 9
Setting left wheel speed_pwm 131
Setting right wheel speed_pwm 132
FWD, rad 9
FWD, rad 9
Transitioning from state Line action Fwd, 0b110
FWD, rad 9
Transitioning from state Line action Fwd, 0b100
Transitioning state Line action Fwd to Fwd-L
Setting left wheel speed_pwm 47
Setting right wheel speed_pwm 114
FWD_L, rotation_rad 14, init 2 + inc_per_cycle 6 * cycle 2
Setting left wheel speed_pwm 43
Setting right wheel speed_pwm 119
FWD_L, rotation_rad 16, init 2 + inc_per_cycle 6 * cycle 3
FWD_L, rotation_rad 16, init 2 + inc_per_cycle 6 * cycle 4
FWD_L, rotation_rad 16, init 2 + inc_per_cycle 6 * cycle 5
FWD_L, rotation_rad 16, init 2 + inc_per_cycle 6 * cycle 6
FWD_L, rotation_rad 16, init 2 + inc_per_cycle 6 * cycle 7
FWD_L, rotation_rad 16, init 2 + inc_per_cycle 6 * cycle 8
Transitioning from state Line action Fwd-L, 0b0
FWD_L, rotation_rad 16, init 2 + inc_per_cycle 6 * cycle 9
Transitioning from state Line action Fwd-L, 0b0
FWD_L, rotation_rad 16, init 2 + inc_per_cycle 6 * cycle 10
Transitioning from state Line action Fwd-L, 0b0
FWD_L, rotation_rad 16, init 2 + inc_per_cycle 6 * cycle 11
Transitioning from state Line action Fwd-L, 0b0
FWD_L, rotation_rad 16, init 2 + inc_per_cycle 6 * cycle 12
Transitioning from state Line action Fwd-L, 0b0
FWD_L, rotation_rad 16, init 2 + inc_per_cycle 6 * cycle 13
Transitioning from state Line action Fwd-L, 0b0
FWD_L, rotation_rad 16, init 2 + inc_per_cycle 6 * cycle 14
Transitioning from state Line action Fwd-L, 0b0
FWD_L, rotation_rad 16, init 2 + inc_per_cycle 6 * cycle 15
FWD_L, rotation_rad 16, init 2 + inc_per_cycle 6 * cycle 16
FWD_L, rotation_rad 16, init 2 + inc_per_cycle 6 * cycle 17
FWD_L, rotation_rad 16, init 2 + inc_per_cycle 6 * cycle 18
FWD_L, rotation_rad 16, init 2 + inc_per_cycle 6 * cycle 19
FWD_L, rotation_rad 16, init 2 + inc_per_cycle 6 * cycle 20
FWD_L, rotation_rad 16, init 2 + inc_per_cycle 6 * cycle 21
FWD_L, rotation_rad 16, init 2 + inc_per_cycle 6 * cycle 22
FWD_L, rotation_rad 16, init 2 + inc_per_cycle 6 * cycle 23
FWD_L, rotation_rad 16, init 2 + inc_per_cycle 6 * cycle 24
FWD_L, rotation_rad 16, init 2 + inc_per_cycle 6 * cycle 25
FWD_L, rotation_rad 16, init 2 + inc_per_cycle 6 * cycle 26
FWD_L, rotation_rad 16, init 2 + inc_per_cycle 6 * cycle 27
Transitioning from state Line action Fwd-L, 0b110
FWD_L, rotation_rad 16, init 2 + inc_per_cycle 6 * cycle 28
Transitioning from state Line action Fwd-L, 0b10
Transitioning state Line action Fwd-L to Fwd
FWD, rad 9
Setting left wheel speed_pwm 131
Setting right wheel speed_pwm 132
FWD, rad 9
FWD, rad 9
FWD, rad 9
FWD, rad 9
FWD, rad 9
FWD, rad 9
Transitioning from state Line action Fwd, 0b110
FWD, rad 9
Transitioning from state Line action Fwd, 0b100
Transitioning state Line action Fwd to Fwd-L
Setting left wheel speed_pwm 47
Setting right wheel speed_pwm 114
FWD_L, rotation_rad 14, init 2 + inc_per_cycle 6 * cycle 2
Setting left wheel speed_pwm 43
Setting right wheel speed_pwm 119
FWD_L, rotation_rad 16, init 2 + inc_per_cycle 6 * cycle 3
FWD_L, rotation_rad 16, init 2 + inc_per_cycle 6 * cycle 4
FWD_L, rotation_rad 16, init 2 + inc_per_cycle 6 * cycle 5
FWD_L, rotation_rad 16, init 2 + inc_per_cycle 6 * cycle 6
FWD_L, rotation_rad 16, init 2 + inc_per_cycle 6 * cycle 7
FWD_L, rotation_rad 16, init 2 + inc_per_cycle 6 * cycle 8
FWD_L, rotation_rad 16, init 2 + inc_per_cycle 6 * cycle 9
FWD_L, rotation_rad 16, init 2 + inc_per_cycle 6 * cycle 10
FWD_L, rotation_rad 16, init 2 + inc_per_cycle 6 * cycle 11
FWD_L, rotation_rad 16, init 2 + inc_per_cycle 6 * cycle 12
FWD_L, rotation_rad 16, init 2 + inc_per_cycle 6 * cycle 13
FWD_L, rotation_rad 16, init 2 + inc_per_cycle 6 * cycle 14
FWD_L, rotation_rad 16, init 2 + inc_per_cycle 6 * cycle 15
FWD_L, rotation_rad 16, init 2 + inc_per_cycle 6 * cycle 16
Transitioning from state Line action Fwd-L, 0b10
Transitioning state Line action Fwd-L to Fwd
FWD, rad 9
Setting left wheel speed_pwm 131
Setting right wheel speed_pwm 132
FWD, rad 9
FWD, rad 9
FWD, rad 9
FWD, rad 9
FWD, rad 9
FWD, rad 9
FWD, rad 9
FWD, rad 9
FWD, rad 9
FWD, rad 9
FWD, rad 9
FWD, rad 9
FWD, rad 9
FWD, rad 9
Transitioning from state Line action Fwd, 0b1
Transitioning state Line action Fwd to Fwd-R
FWD_R, rotation_rad 14, init 2 + inc_per_cycle 6 * cycle 2
Setting left wheel speed_pwm 113
Setting right wheel speed_pwm 43
FWD_R, rotation_rad 16, init 2 + inc_per_cycle 6 * cycle 3
Setting left wheel speed_pwm 118
Setting right wheel speed_pwm 38
FWD_R, rotation_rad 16, init 2 + inc_per_cycle 6 * cycle 4
FWD_R, rotation_rad 16, init 2 + inc_per_cycle 6 * cycle 5
Transitioning from state Line action Fwd-R, 0b0
FWD_R, rotation_rad 16, init 2 + inc_per_cycle 6 * cycle 6
Transitioning from state Line action Fwd-R, 0b0
FWD_R, rotation_rad 16, init 2 + inc_per_cycle 6 * cycle 7
Transitioning from state Line action Fwd-R, 0b0
FWD_R, rotation_rad 16, init 2 + inc_per_cycle 6 * cycle 8
Transitioning from state Line action Fwd-R, 0b0
FWD_R, rotation_rad 16, init 2 + inc_per_cycle 6 * cycle 9
Transitioning from state Line action Fwd-R, 0b0
FWD_R, rotation_rad 16, init 2 + inc_per_cycle 6 * cycle 10
Transitioning from state Line action Fwd-R, 0b0
FWD_R, rotation_rad 16, init 2 + inc_per_cycle 6 * cycle 11
Transitioning from state Line action Fwd-R, 0b0
FWD_R, rotation_rad 16, init 2 + inc_per_cycle 6 * cycle 12
Transitioning from state Line action Fwd-R, 0b0
FWD_R, rotation_rad 16, init 2 + inc_per_cycle 6 * cycle 13
Transitioning from state Line action Fwd-R, 0b0
FWD_R, rotation_rad 16, init 2 + inc_per_cycle 6 * cycle 14
Transitioning from state Line action Fwd-R, 0b0
FWD_R, rotation_rad 16, init 2 + inc_per_cycle 6 * cycle 15
Transitioning from state Line action Fwd-R, 0b0
FWD_R, rotation_rad 16, init 2 + inc_per_cycle 6 * cycle 16
Transitioning from state Line action Fwd-R, 0b0
FWD_R, rotation_rad 16, init 2 + inc_per_cycle 6 * cycle 17
Transitioning from state Line action Fwd-R, 0b0
FWD_R, rotation_rad 16, init 2 + inc_per_cycle 6 * cycle 18
Transitioning from state Line action Fwd-R, 0b0
FWD_R, rotation_rad 16, init 2 + inc_per_cycle 6 * cycle 19
Transitioning from state Line action Fwd-R, 0b0
FWD_R, rotation_rad 16, init 2 + inc_per_cycle 6 * cycle 20
Transitioning from state Line action Fwd-R, 0b0
FWD_R, rotation_rad 16, init 2 + inc_per_cycle 6 * cycle 21
Transitioning from state Line action Fwd-R, 0b0
FWD_R, rotation_rad 16, init 2 + inc_per_cycle 6 * cycle 22
Transitioning from state Line action Fwd-R, 0b0
FWD_R, rotation_rad 16, init 2 + inc_per_cycle 6 * cycle 23
Transitioning from state Line action Fwd-R, 0b0
FWD_R, rotation_rad 16, init 2 + inc_per_cycle 6 * cycle 24
Transitioning from state Line action Fwd-R, 0b0
FWD_R, rotation_rad 16, init 2 + inc_per_cycle 6 * cycle 25
Transitioning from state Line action Fwd-R, 0b0
FWD_R, rotation_rad 16, init 2 + inc_per_cycle 6 * cycle 26
Transitioning from state Line action Fwd-R, 0b0
FWD_R, rotation_rad 16, init 2 + inc_per_cycle 6 * cycle 27
Transitioning from state Line action Fwd-R, 0b0
FWD_R, rotation_rad 16, init 2 + inc_per_cycle 6 * cycle 28
Transitioning from state Line action Fwd-R, 0b0
FWD_R, rotation_rad 16, init 2 + inc_per_cycle 6 * cycle 29
Transitioning from state Line action Fwd-R, 0b0
FWD_R, rotation_rad 16, init 2 + inc_per_cycle 6 * cycle 30
Transitioning from state Line action Fwd-R, 0b0
FWD_R, rotation_rad 16, init 2 + inc_per_cycle 6 * cycle 31
Transitioning from state Line action Fwd-R, 0b0
FWD_R, rotation_rad 16, init 2 + inc_per_cycle 6 * cycle 32
Transitioning from state Line action Fwd-R, 0b0
FWD_R, rotation_rad 16, init 2 + inc_per_cycle 6 * cycle 33
Transitioning from state Line action Fwd-R, 0b0
FWD_R, rotation_rad 16, init 2 + inc_per_cycle 6 * cycle 34
Transitioning from state Line action Fwd-R, 0b0
FWD_R, rotation_rad 16, init 2 + inc_per_cycle 6 * cycle 35
Transitioning from state Line action Fwd-R, 0b0
FWD_R, rotation_rad 16, init 2 + inc_per_cycle 6 * cycle 36
Transitioning from state Line action Fwd-R, 0b0
FWD_R, rotation_rad 16, init 2 + inc_per_cycle 6 * cycle 37
FWD_R, rotation_rad 16, init 2 + inc_per_cycle 6 * cycle 38
FWD_R, rotation_rad 16, init 2 + inc_per_cycle 6 * cycle 39
FWD_R, rotation_rad 16, init 2 + inc_per_cycle 6 * cycle 40
FWD_R, rotation_rad 16, init 2 + inc_per_cycle 6 * cycle 41
FWD_R, rotation_rad 16, init 2 + inc_per_cycle 6 * cycle 42
FWD_R, rotation_rad 16, init 2 + inc_per_cycle 6 * cycle 43
FWD_R, rotation_rad 16, init 2 + inc_per_cycle 6 * cycle 44
FWD_R, rotation_rad 16, init 2 + inc_per_cycle 6 * cycle 45
FWD_R, rotation_rad 16, init 2 + inc_per_cycle 6 * cycle 46
Transitioning from state Line action Fwd-R, 0b10
Transitioning state Line action Fwd-R to Fwd
FWD, rad 9
Setting left wheel speed_pwm 131
Setting right wheel speed_pwm 132
FWD, rad 9
FWD, rad 9
FWD, rad 9
FWD, rad 9
FWD, rad 9
Transitioning from state Line action Fwd, 0b1
Transitioning state Line action Fwd to Fwd-R
FWD_R, rotation_rad 14, init 2 + inc_per_cycle 6 * cycle 2
Setting left wheel speed_pwm 113
Setting right wheel speed_pwm 43
FWD_R, rotation_rad 16, init 2 + inc_per_cycle 6 * cycle 3
Setting left wheel speed_pwm 118
Setting right wheel speed_pwm 38
FWD_R, rotation_rad 16, init 2 + inc_per_cycle 6 * cycle 4
FWD_R, rotation_rad 16, init 2 + inc_per_cycle 6 * cycle 5
FWD_R, rotation_rad 16, init 2 + inc_per_cycle 6 * cycle 6
FWD_R, rotation_rad 16, init 2 + inc_per_cycle 6 * cycle 7
FWD_R, rotation_rad 16, init 2 + inc_per_cycle 6 * cycle 8
Transitioning from state Line action Fwd-R, 0b10
Transitioning state Line action Fwd-R to Fwd
FWD, rad 9
Setting left wheel speed_pwm 131
Setting right wheel speed_pwm 132
FWD, rad 9
FWD, rad 9
FWD, rad 9
FWD, rad 9
FWD, rad 9
FWD, rad 9
FWD, rad 9
Transitioning from state Line action Fwd, 0b0
FWD, rad 9
Transitioning from state Line action Fwd, 0b1
Transitioning state Line action Fwd to Fwd-R
FWD_R, rotation_rad 14, init 2 + inc_per_cycle 6 * cycle 2
Setting left wheel speed_pwm 113
Setting right wheel speed_pwm 43
FWD_R, rotation_rad 16, init 2 + inc_per_cycle 6 * cycle 3
Setting left wheel speed_pwm 118
Setting right wheel speed_pwm 38
FWD_R, rotation_rad 16, init 2 + inc_per_cycle 6 * cycle 4
Transitioning from state Line action Fwd-R, 0b10
Transitioning state Line action Fwd-R to Fwd
FWD, rad 9
Setting left wheel speed_pwm 131
Setting right wheel speed_pwm 132
FWD, rad 9
FWD, rad 9
FWD, rad 9
FWD, rad 9
FWD, rad 9
FWD, rad 9
FWD, rad 9
FWD, rad 9
FWD, rad 9
Transitioning from state Line action Fwd, 0b1
Transitioning state Line action Fwd to Fwd-R
FWD_R, rotation_rad 14, init 2 + inc_per_cycle 6 * cycle 2
Setting left wheel speed_pwm 113
Setting right wheel speed_pwm 43
FWD_R, rotation_rad 16, init 2 + inc_per_cycle 6 * cycle 3
Setting left wheel speed_pwm 118
Setting right wheel speed_pwm 38
FWD_R, rotation_rad 16, init 2 + inc_per_cycle 6 * cycle 4
FWD_R, rotation_rad 16, init 2 + inc_per_cycle 6 * cycle 5
FWD_R, rotation_rad 16, init 2 + inc_per_cycle 6 * cycle 6
Transitioning from state Line action Fwd-R, 0b11
FWD_R, rotation_rad 16, init 2 + inc_per_cycle 6 * cycle 7
Transitioning from state Line action Fwd-R, 0b10
Transitioning state Line action Fwd-R to Fwd
FWD, rad 9
Setting left wheel speed_pwm 131
Setting right wheel speed_pwm 132
FWD, rad 9
FWD, rad 9
Transitioning from state Line action Fwd, 0b11
FWD, rad 9
Transitioning from state Line action Fwd, 0b1
Transitioning state Line action Fwd to Fwd-R
FWD_R, rotation_rad 14, init 2 + inc_per_cycle 6 * cycle 2
Setting left wheel speed_pwm 113
Setting right wheel speed_pwm 43
FWD_R, rotation_rad 16, init 2 + inc_per_cycle 6 * cycle 3
Setting left wheel speed_pwm 118
Setting right wheel speed_pwm 38
FWD_R, rotation_rad 16, init 2 + inc_per_cycle 6 * cycle 4
FWD_R, rotation_rad 16, init 2 + inc_per_cycle 6 * cycle 5
FWD_R, rotation_rad 16, init 2 + inc_per_cycle 6 * cycle 6
FWD_R, rotation_rad 16, init 2 + inc_per_cycle 6 * cycle 7
FWD_R, rotation_rad 16, init 2 + inc_per_cycle 6 * cycle 8
FWD_R, rotation_rad 16, init 2 + inc_per_cycle 6 * cycle 9
FWD_R, rotation_rad 16, init 2 + inc_per_cycle 6 * cycle 10
FWD_R, rotation_rad 16, init 2 + inc_per_cycle 6 * cycle 11
FWD_R, rotation_rad 16, init 2 + inc_per_cycle 6 * cycle 12
FWD_R, rotation_rad 16, init 2 + inc_per_cycle 6 * cycle 13
FWD_R, rotation_rad 16, init 2 + inc_per_cycle 6 * cycle 14
Transitioning from state Line action Fwd-R, 0b0
FWD_R, rotation_rad 16, init 2 + inc_per_cycle 6 * cycle 15
Transitioning from state Line action Fwd-R, 0b10
Transitioning state Line action Fwd-R to Fwd
FWD, rad 9
Setting left wheel speed_pwm 131
Setting right wheel speed_pwm 132
FWD, rad 9
FWD, rad 9
Transitioning from state Line action Fwd, 0b0
FWD, rad 9
Transitioning from state Line action Fwd, 0b0
FWD, rad 9
Transitioning from state Line action Fwd, 0b0
FWD, rad 9
Transitioning from state Line action Fwd, 0b0
FWD, rad 9
Transitioning from state Line action Fwd, 0b0
FWD, rad 9
Transitioning from state Line action Fwd, 0b0
FWD, rad 9
Transitioning from state Line action Fwd, 0b0
FWD, rad 9
Transitioning from state Line action Fwd, 0b0
FWD, rad 9
Transitioning from state Line action Fwd, 0b0
FWD, rad 9
Transitioning from state Line action Fwd, 0b0
FWD, rad 9
Transitioning from state Line action Fwd, 0b0
FWD, rad 9
Transitioning from state Line action Fwd, 0b0
FWD, rad 9
Transitioning from state Line action Fwd, 0b0
FWD, rad 9
Transitioning from state Line action Fwd, 0b0
FWD, rad 9
Transitioning from state Line action Fwd, 0b0
FWD, rad 9
Transitioning from state Line action Fwd, 0b0
FWD, rad 9
Transitioning from state Line action Fwd, 0b0
FWD, rad 9
Transitioning from state Line action Fwd, 0b0
FWD, rad 9
Transitioning from state Line action Fwd, 0b1
Transitioning state Line action Fwd to Fwd-R
FWD_R, rotation_rad 14, init 2 + inc_per_cycle 6 * cycle 2
Setting left wheel speed_pwm 113
Setting right wheel speed_pwm 43
Transitioning from state Line action Fwd-R, 0b11
FWD_R, rotation_rad 16, init 2 + inc_per_cycle 6 * cycle 3
Setting left wheel speed_pwm 118
Setting right wheel speed_pwm 38
Transitioning from state Line action Fwd-R, 0b110
FWD_R, rotation_rad 16, init 2 + inc_per_cycle 6 * cycle 4
Transitioning from state Line action Fwd-R, 0b100
Transitioning state Line action Fwd-R to Fwd-L
Setting left wheel speed_pwm 43
Setting right wheel speed_pwm 119
FWD_L, rotation_rad 16, init 2 + inc_per_cycle 6 * cycle 5
Back in state
FWD_L, rotation_rad 16, init 2 + inc_per_cycle 6 * cycle 6
Transitioning from state Line action Fwd-L, 0b0
FWD_L, rotation_rad 16, init 2 + inc_per_cycle 6 * cycle 7
Transitioning from state Line action Fwd-L, 0b0
FWD_L, rotation_rad 16, init 2 + inc_per_cycle 6 * cycle 8
Transitioning from state Line action Fwd-L, 0b0
FWD_L, rotation_rad 16, init 2 + inc_per_cycle 6 * cycle 9
Transitioning from state Line action Fwd-L, 0b0
FWD_L, rotation_rad 16, init 2 + inc_per_cycle 6 * cycle 10
Transitioning from state Line action Fwd-L, 0b0
FWD_L, rotation_rad 16, init 2 + inc_per_cycle 6 * cycle 11
Transitioning from state Line action Fwd-L, 0b0
FWD_L, rotation_rad 16, init 2 + inc_per_cycle 6 * cycle 12
FWD_L, rotation_rad 16, init 2 + inc_per_cycle 6 * cycle 13
FWD_L, rotation_rad 16, init 2 + inc_per_cycle 6 * cycle 14
FWD_L, rotation_rad 16, init 2 + inc_per_cycle 6 * cycle 15
FWD_L, rotation_rad 16, init 2 + inc_per_cycle 6 * cycle 16
FWD_L, rotation_rad 16, init 2 + inc_per_cycle 6 * cycle 17
FWD_L, rotation_rad 16, init 2 + inc_per_cycle 6 * cycle 18
FWD_L, rotation_rad 16, init 2 + inc_per_cycle 6 * cycle 19
FWD_L, rotation_rad 16, init 2 + inc_per_cycle 6 * cycle 20
Transitioning from state Line action Fwd-L, 0b10
Transitioning state Line action Fwd-L to Fwd
FWD, rad 9
Setting left wheel speed_pwm 131
Setting right wheel speed_pwm 132
FWD, rad 9
FWD, rad 9
FWD, rad 9
FWD, rad 9
Transitioning from state Line action Fwd, 0b1
Transitioning state Line action Fwd to Fwd-R
FWD_R, rotation_rad 14, init 2 + inc_per_cycle 6 * cycle 2
Setting left wheel speed_pwm 113
Setting right wheel speed_pwm 43
FWD_R, rotation_rad 16, init 2 + inc_per_cycle 6 * cycle 3
Setting left wheel speed_pwm 118
Setting right wheel speed_pwm 38
FWD_R, rotation_rad 16, init 2 + inc_per_cycle 6 * cycle 4
FWD_R, rotation_rad 16, init 2 + inc_per_cycle 6 * cycle 5
FWD_R, rotation_rad 16, init 2 + inc_per_cycle 6 * cycle 6
FWD_R, rotation_rad 16, init 2 + inc_per_cycle 6 * cycle 7
FWD_R, rotation_rad 16, init 2 + inc_per_cycle 6 * cycle 8
FWD_R, rotation_rad 16, init 2 + inc_per_cycle 6 * cycle 9
FWD_R, rotation_rad 16, init 2 + inc_per_cycle 6 * cycle 10
FWD_R, rotation_rad 16, init 2 + inc_per_cycle 6 * cycle 11
Transitioning from state Line action Fwd-R, 0b10
Transitioning state Line action Fwd-R to Fwd
FWD, rad 9
Setting left wheel speed_pwm 131
Setting right wheel speed_pwm 132
FWD, rad 9
FWD, rad 9
FWD, rad 9
FWD, rad 9
FWD, rad 9
FWD, rad 9
Transitioning from state Line action Fwd, 0b1
Transitioning state Line action Fwd to Fwd-R
FWD_R, rotation_rad 14, init 2 + inc_per_cycle 6 * cycle 2
Setting left wheel speed_pwm 113
Setting right wheel speed_pwm 43
FWD_R, rotation_rad 16, init 2 + inc_per_cycle 6 * cycle 3
Setting left wheel speed_pwm 118
Setting right wheel speed_pwm 38
FWD_R, rotation_rad 16, init 2 + inc_per_cycle 6 * cycle 4
Transitioning from state Line action Fwd-R, 0b10
Transitioning state Line action Fwd-R to Fwd
FWD, rad 9
Setting left wheel speed_pwm 131
Setting right wheel speed_pwm 132
FWD, rad 9
FWD, rad 9
FWD, rad 9
FWD, rad 9
FWD, rad 9
FWD, rad 9
FWD, rad 9
FWD, rad 9
FWD, rad 9
Transitioning from state Line action Fwd, 0b0
FWD, rad 9
Transitioning from state Line action Fwd, 0b0
FWD, rad 9
Transitioning from state Line action Fwd, 0b0
FWD, rad 9
Transitioning from state Line action Fwd, 0b0
FWD, rad 9
Transitioning from state Line action Fwd, 0b0
FWD, rad 9
Transitioning from state Line action Fwd, 0b0
FWD, rad 9
Transitioning from state Line action Fwd, 0b0
FWD, rad 9
Transitioning from state Line action Fwd, 0b0
FWD, rad 9
Transitioning from state Line action Fwd, 0b0
FWD, rad 9
Transitioning from state Line action Fwd, 0b0
FWD, rad 9
Transitioning from state Line action Fwd, 0b0
FWD, rad 9
Transitioning from state Line action Fwd, 0b0
FWD, rad 9
Transitioning from state Line action Fwd, 0b0
FWD, rad 9
Transitioning from state Line action Fwd, 0b0
FWD, rad 9
Transitioning from state Line action Fwd, 0b0
FWD, rad 9
Transitioning from state Line action Fwd, 0b0
FWD, rad 9
Transitioning from state Line action Fwd, 0b0
FWD, rad 9
Transitioning from state Line action Fwd, 0b0
FWD, rad 9
Transitioning from state Line action Fwd, 0b0
FWD, rad 9
Transitioning from state Line action Fwd, 0b0
FWD, rad 9
Transitioning from state Line action Fwd, 0b0
FWD, rad 9
Transitioning from state Line action Fwd, 0b1
Transitioning state Line action Fwd to Fwd-R
FWD_R, rotation_rad 14, init 2 + inc_per_cycle 6 * cycle 2
Setting left wheel speed_pwm 113
Setting right wheel speed_pwm 43
Transitioning state Line (action Fwd-R) to state Start (action Start)
